

================================================================
== Vitis HLS Report for 'sha256Digest_256_s'
================================================================
* Date:           Wed Jun  7 23:11:38 2023

* Version:        2023.1 (Build 3854077 on May  4 2023)
* Project:        chls
* Solution:       solution1 (Vivado IP Flow Target)
* Product family: zynquplus
* Target device:  xczu7ev-ffvc1156-2-e


================================================================
== Performance Estimates
================================================================
+ Timing: 
    * Summary: 
    +--------+----------+----------+------------+
    |  Clock |  Target  | Estimated| Uncertainty|
    +--------+----------+----------+------------+
    |ap_clk  |  11.00 ns|  4.826 ns|     2.97 ns|
    +--------+----------+----------+------------+

+ Latency: 
    * Summary: 
    +---------+---------+----------+----------+-----+-----+---------+
    |  Latency (cycles) |  Latency (absolute) |  Interval | Pipeline|
    |   min   |   max   |    min   |    max   | min | max |   Type  |
    +---------+---------+----------+----------+-----+-----+---------+
    |        ?|        ?|         ?|         ?|    ?|    ?|       no|
    +---------+---------+----------+----------+-----+-----+---------+

    + Detail: 
        * Instance: 
        +-------------------------------------------------------------------+--------------------------------------------------------+---------+---------+----------+----------+-----+-----+---------+
        |                                                                   |                                                        |  Latency (cycles) |  Latency (absolute) |  Interval | Pipeline|
        |                              Instance                             |                         Module                         |   min   |   max   |    min   |    max   | min | max |   Type  |
        +-------------------------------------------------------------------+--------------------------------------------------------+---------+---------+----------+----------+-----+-----+---------+
        |grp_sha256Digest_256_Pipeline_LOOP_SHA256_UPDATE_64_ROUNDS_fu_274  |sha256Digest_256_Pipeline_LOOP_SHA256_UPDATE_64_ROUNDS  |       67|       67|  0.737 us|  0.737 us|   67|   67|       no|
        +-------------------------------------------------------------------+--------------------------------------------------------+---------+---------+----------+----------+-----+-----+---------+

        * Loop: 
        +----------------------------+---------+---------+----------+-----------+-----------+------+----------+
        |                            |  Latency (cycles) | Iteration|  Initiation Interval  | Trip |          |
        |          Loop Name         |   min   |   max   |  Latency |  achieved |   target  | Count| Pipelined|
        +----------------------------+---------+---------+----------+-----------+-----------+------+----------+
        |- LOOP_SHA256_DIGEST_MAIN   |        ?|        ?|        72|          -|          -|     ?|        no|
        | + LOOP_SHA256_DIGEST_NBLK  |       70|       70|        70|          -|          -|     1|        no|
        +----------------------------+---------+---------+----------+-----------+-----------+------+----------+



================================================================
== Utilization Estimates
================================================================
* Summary: 
+-----------------+---------+------+--------+--------+-----+
|       Name      | BRAM_18K|  DSP |   FF   |   LUT  | URAM|
+-----------------+---------+------+--------+--------+-----+
|DSP              |        -|     -|       -|       -|    -|
|Expression       |        -|     -|       0|     460|    -|
|FIFO             |        -|     -|       -|       -|    -|
|Instance         |        -|     -|     306|    1076|    -|
|Memory           |        -|     -|       -|       -|    -|
|Multiplexer      |        -|     -|       -|     180|    -|
|Register         |        -|     -|     456|       -|    -|
+-----------------+---------+------+--------+--------+-----+
|Total            |        0|     0|     762|    1716|    0|
+-----------------+---------+------+--------+--------+-----+
|Available        |      624|  1728|  460800|  230400|   96|
+-----------------+---------+------+--------+--------+-----+
|Utilization (%)  |        0|     0|      ~0|      ~0|    0|
+-----------------+---------+------+--------+--------+-----+

+ Detail: 
    * Instance: 
    +-------------------------------------------------------------------+--------------------------------------------------------+---------+----+-----+------+-----+
    |                              Instance                             |                         Module                         | BRAM_18K| DSP|  FF |  LUT | URAM|
    +-------------------------------------------------------------------+--------------------------------------------------------+---------+----+-----+------+-----+
    |grp_sha256Digest_256_Pipeline_LOOP_SHA256_UPDATE_64_ROUNDS_fu_274  |sha256Digest_256_Pipeline_LOOP_SHA256_UPDATE_64_ROUNDS  |        0|   0|  306|  1076|    0|
    +-------------------------------------------------------------------+--------------------------------------------------------+---------+----+-----+------+-----+
    |Total                                                              |                                                        |        0|   0|  306|  1076|    0|
    +-------------------------------------------------------------------+--------------------------------------------------------+---------+----+-----+------+-----+

    * DSP: 
    N/A

    * Memory: 
    N/A

    * FIFO: 
    N/A

    * Expression: 
    +----------------------+----------+----+---+----+------------+------------+
    |     Variable Name    | Operation| DSP| FF| LUT| Bitwidth P0| Bitwidth P1|
    +----------------------+----------+----+---+----+------------+------------+
    |add_ln688_fu_680_p2   |         +|   0|  0|  39|          32|          32|
    |add_ln689_fu_686_p2   |         +|   0|  0|  39|          32|          32|
    |add_ln690_fu_692_p2   |         +|   0|  0|  39|          32|          32|
    |add_ln691_fu_698_p2   |         +|   0|  0|  39|          32|          32|
    |add_ln692_fu_704_p2   |         +|   0|  0|  39|          32|          32|
    |add_ln693_fu_710_p2   |         +|   0|  0|  39|          32|          32|
    |add_ln694_fu_716_p2   |         +|   0|  0|  39|          32|          32|
    |add_ln695_fu_722_p2   |         +|   0|  0|  39|          32|          32|
    |n_1_fu_309_p2         |         +|   0|  0|  71|          64|           1|
    |icmp_ln663_fu_304_p2  |      icmp|   0|  0|  71|          64|          64|
    |ap_block_state1       |        or|   0|  0|   2|           1|           1|
    |ap_block_state2       |        or|   0|  0|   2|           1|           1|
    |ap_block_state3       |        or|   0|  0|   2|           1|           1|
    +----------------------+----------+----+---+----+------------+------------+
    |Total                 |          |   0|  0| 460|         387|         324|
    +----------------------+----------+----+---+----+------------+------------+

    * Multiplexer: 
    +----------------------+----+-----------+-----+-----------+
    |         Name         | LUT| Input Size| Bits| Total Bits|
    +----------------------+----+-----------+-----+-----------+
    |a_reg_251             |   9|          2|   32|         64|
    |ap_NS_fsm             |  31|          6|    1|          6|
    |ap_done               |   9|          2|    1|          2|
    |b_reg_239             |   9|          2|   32|         64|
    |c_reg_227             |   9|          2|   32|         64|
    |d_reg_215             |   9|          2|   32|         64|
    |e_reg_203             |   9|          2|   32|         64|
    |end_hash_strm_blk_n   |   9|          2|    1|          2|
    |end_hash_strm_din     |  14|          3|    1|          3|
    |end_nblk_strm2_blk_n  |   9|          2|    1|          2|
    |f_reg_191             |   9|          2|   32|         64|
    |g_reg_179             |   9|          2|   32|         64|
    |h_reg_167             |   9|          2|   32|         64|
    |hash_strm_blk_n       |   9|          2|    1|          2|
    |n_reg_263             |   9|          2|   64|        128|
    |nblk_strm2_blk_n      |   9|          2|    1|          2|
    |w_strm_read           |   9|          2|    1|          2|
    +----------------------+----+-----------+-----+-----------+
    |Total                 | 180|         39|  328|        661|
    +----------------------+----+-----------+-----+-----------+

    * Register: 
    +--------------------------------------------------------------------------------+----+----+-----+-----------+
    |                                      Name                                      | FF | LUT| Bits| Const Bits|
    +--------------------------------------------------------------------------------+----+----+-----+-----------+
    |a_reg_251                                                                       |  32|   0|   32|          0|
    |ap_CS_fsm                                                                       |   5|   0|    5|          0|
    |ap_done_reg                                                                     |   1|   0|    1|          0|
    |b_reg_239                                                                       |  32|   0|   32|          0|
    |blk_num_reg_781                                                                 |  64|   0|   64|          0|
    |c_reg_227                                                                       |  32|   0|   32|          0|
    |d_reg_215                                                                       |  32|   0|   32|          0|
    |e_reg_203                                                                       |  32|   0|   32|          0|
    |end_flag_1_reg_158                                                              |   1|   0|    1|          0|
    |f_reg_191                                                                       |  32|   0|   32|          0|
    |g_reg_179                                                                       |  32|   0|   32|          0|
    |grp_sha256Digest_256_Pipeline_LOOP_SHA256_UPDATE_64_ROUNDS_fu_274_ap_start_reg  |   1|   0|    1|          0|
    |h_reg_167                                                                       |  32|   0|   32|          0|
    |n_1_reg_789                                                                     |  64|   0|   64|          0|
    |n_reg_263                                                                       |  64|   0|   64|          0|
    +--------------------------------------------------------------------------------+----+----+-----+-----------+
    |Total                                                                           | 456|   0|  456|          0|
    +--------------------------------------------------------------------------------+----+----+-----+-----------+



================================================================
== Interface
================================================================
* Summary: 
+-------------------------------+-----+-----+------------+-------------------+--------------+
|           RTL Ports           | Dir | Bits|  Protocol  |   Source Object   |    C Type    |
+-------------------------------+-----+-----+------------+-------------------+--------------+
|ap_clk                         |   in|    1|  ap_ctrl_hs|  sha256Digest<256>|  return value|
|ap_rst                         |   in|    1|  ap_ctrl_hs|  sha256Digest<256>|  return value|
|ap_start                       |   in|    1|  ap_ctrl_hs|  sha256Digest<256>|  return value|
|ap_done                        |  out|    1|  ap_ctrl_hs|  sha256Digest<256>|  return value|
|ap_continue                    |   in|    1|  ap_ctrl_hs|  sha256Digest<256>|  return value|
|ap_idle                        |  out|    1|  ap_ctrl_hs|  sha256Digest<256>|  return value|
|ap_ready                       |  out|    1|  ap_ctrl_hs|  sha256Digest<256>|  return value|
|nblk_strm2_dout                |   in|   64|     ap_fifo|         nblk_strm2|       pointer|
|nblk_strm2_num_data_valid      |   in|    6|     ap_fifo|         nblk_strm2|       pointer|
|nblk_strm2_fifo_cap            |   in|    6|     ap_fifo|         nblk_strm2|       pointer|
|nblk_strm2_empty_n             |   in|    1|     ap_fifo|         nblk_strm2|       pointer|
|nblk_strm2_read                |  out|    1|     ap_fifo|         nblk_strm2|       pointer|
|end_nblk_strm2_dout            |   in|    1|     ap_fifo|     end_nblk_strm2|       pointer|
|end_nblk_strm2_num_data_valid  |   in|    6|     ap_fifo|     end_nblk_strm2|       pointer|
|end_nblk_strm2_fifo_cap        |   in|    6|     ap_fifo|     end_nblk_strm2|       pointer|
|end_nblk_strm2_empty_n         |   in|    1|     ap_fifo|     end_nblk_strm2|       pointer|
|end_nblk_strm2_read            |  out|    1|     ap_fifo|     end_nblk_strm2|       pointer|
|w_strm_dout                    |   in|   32|     ap_fifo|             w_strm|       pointer|
|w_strm_num_data_valid          |   in|    6|     ap_fifo|             w_strm|       pointer|
|w_strm_fifo_cap                |   in|    6|     ap_fifo|             w_strm|       pointer|
|w_strm_empty_n                 |   in|    1|     ap_fifo|             w_strm|       pointer|
|w_strm_read                    |  out|    1|     ap_fifo|             w_strm|       pointer|
|hash_strm_din                  |  out|  256|     ap_fifo|          hash_strm|       pointer|
|hash_strm_num_data_valid       |   in|    2|     ap_fifo|          hash_strm|       pointer|
|hash_strm_fifo_cap             |   in|    2|     ap_fifo|          hash_strm|       pointer|
|hash_strm_full_n               |   in|    1|     ap_fifo|          hash_strm|       pointer|
|hash_strm_write                |  out|    1|     ap_fifo|          hash_strm|       pointer|
|end_hash_strm_din              |  out|    1|     ap_fifo|      end_hash_strm|       pointer|
|end_hash_strm_num_data_valid   |   in|    2|     ap_fifo|      end_hash_strm|       pointer|
|end_hash_strm_fifo_cap         |   in|    2|     ap_fifo|      end_hash_strm|       pointer|
|end_hash_strm_full_n           |   in|    1|     ap_fifo|      end_hash_strm|       pointer|
|end_hash_strm_write            |  out|    1|     ap_fifo|      end_hash_strm|       pointer|
+-------------------------------+-----+-----+------------+-------------------+--------------+

