In file included from chls/top_module.cpp:1:
In file included from chls/top_module.hpp:15:
/home/arthur/Vitis_Libraries/security/L1/include/xf_security/sha224_256.hpp:756:9: warning: 'Resource pragma' is deprecated, use 'bind_op/bind_storage pragma' instead [-Wignored-hls-pragmas]
#pragma HLS RESOURCE variable = blk_strm core = FIFO_LUTRAM
        ^
/home/arthur/Vitis_Libraries/security/L1/include/xf_security/sha224_256.hpp:760:9: warning: 'Resource pragma' is deprecated, use 'bind_op/bind_storage pragma' instead [-Wignored-hls-pragmas]
#pragma HLS RESOURCE variable = nblk_strm core = FIFO_LUTRAM
        ^
/home/arthur/Vitis_Libraries/security/L1/include/xf_security/sha224_256.hpp:763:9: warning: 'Resource pragma' is deprecated, use 'bind_op/bind_storage pragma' instead [-Wignored-hls-pragmas]
#pragma HLS RESOURCE variable = nblk_strm1 core = FIFO_LUTRAM
        ^
/home/arthur/Vitis_Libraries/security/L1/include/xf_security/sha224_256.hpp:766:9: warning: 'Resource pragma' is deprecated, use 'bind_op/bind_storage pragma' instead [-Wignored-hls-pragmas]
#pragma HLS RESOURCE variable = nblk_strm2 core = FIFO_LUTRAM
        ^
/home/arthur/Vitis_Libraries/security/L1/include/xf_security/sha224_256.hpp:771:9: warning: 'Resource pragma' is deprecated, use 'bind_op/bind_storage pragma' instead [-Wignored-hls-pragmas]
#pragma HLS RESOURCE variable = end_nblk_strm core = FIFO_LUTRAM
        ^
/home/arthur/Vitis_Libraries/security/L1/include/xf_security/sha224_256.hpp:774:9: warning: 'Resource pragma' is deprecated, use 'bind_op/bind_storage pragma' instead [-Wignored-hls-pragmas]
#pragma HLS RESOURCE variable = end_nblk_strm1 core = FIFO_LUTRAM
        ^
/home/arthur/Vitis_Libraries/security/L1/include/xf_security/sha224_256.hpp:777:9: warning: 'Resource pragma' is deprecated, use 'bind_op/bind_storage pragma' instead [-Wignored-hls-pragmas]
#pragma HLS RESOURCE variable = end_nblk_strm2 core = FIFO_LUTRAM
        ^
/home/arthur/Vitis_Libraries/security/L1/include/xf_security/sha224_256.hpp:782:9: warning: 'Resource pragma' is deprecated, use 'bind_op/bind_storage pragma' instead [-Wignored-hls-pragmas]
#pragma HLS RESOURCE variable = w_strm core = FIFO_LUTRAM
        ^
8 warnings generated.
