

================================================================
== Vitis HLS Report for 'set_hash_stream_Pipeline_VITIS_LOOP_43_2'
================================================================
* Date:           Wed Jun  7 23:11:31 2023

* Version:        2023.1 (Build 3854077 on May  4 2023)
* Project:        chls
* Solution:       solution1 (Vivado IP Flow Target)
* Product family: zynquplus
* Target device:  xczu7ev-ffvc1156-2-e


================================================================
== Performance Estimates
================================================================
+ Timing: 
    * Summary: 
    +--------+----------+----------+------------+
    |  Clock |  Target  | Estimated| Uncertainty|
    +--------+----------+----------+------------+
    |ap_clk  |  11.00 ns|  2.769 ns|     2.97 ns|
    +--------+----------+----------+------------+

+ Latency: 
    * Summary: 
    +---------+---------+----------+----------+-----+-----+---------+
    |  Latency (cycles) |  Latency (absolute) |  Interval | Pipeline|
    |   min   |   max   |    min   |    max   | min | max |   Type  |
    +---------+---------+----------+----------+-----+-----+---------+
    |       18|       18|  0.198 us|  0.198 us|   18|   18|       no|
    +---------+---------+----------+----------+-----+-----+---------+

    + Detail: 
        * Instance: 
        N/A

        * Loop: 
        +-------------------+---------+---------+----------+-----------+-----------+------+----------+
        |                   |  Latency (cycles) | Iteration|  Initiation Interval  | Trip |          |
        |     Loop Name     |   min   |   max   |  Latency |  achieved |   target  | Count| Pipelined|
        +-------------------+---------+---------+----------+-----------+-----------+------+----------+
        |- VITIS_LOOP_43_2  |       16|       16|         1|          1|          1|    16|       yes|
        +-------------------+---------+---------+----------+-----------+-----------+------+----------+

============================================================
+ Verbose Summary: Synthesis Manager
============================================================
InlineROM: 1
ExposeGlobal: 0
============================================================
+ Verbose Summary: CDFG Model
============================================================
IsTopModel: 0
ResetActiveHigh: 1
IsCombinational: 0
IsDatapathOnly: 0
HasWiredReturn: 1
HasMFsm: 2
HasVarLatency: 1
IsPipeline: 0
IsRtlPipelined: 0
IsInstanceOverlapped: 0
IsDontTouch: 0
HasImplIP: 0
IsGatedGlobalClock: 0

+ Individual pipeline summary: 
  * Pipeline-0: initiation interval (II) = 1, depth = 1


============================================================
+ Verbose Summary: Schedule
============================================================
* Number of FSM states : 1
* Pipeline : 1
  Pipeline-0 : II = 1, D = 1, States = { 1 }
* Dataflow Pipeline: 0

* FSM state transitions: 
1 --> 

* FSM state operations: 

State 1 <SV = 0> <Delay = 2.76>
ST_1 : Operation 4 [1/1] (0.00ns)   --->   "%aux_perm = alloca i32 1"   --->   Operation 4 'alloca' 'aux_perm' <Predicate = true> <Delay = 0.00>
ST_1 : Operation 5 [1/1] (0.00ns)   --->   "%i = alloca i32 1"   --->   Operation 5 'alloca' 'i' <Predicate = true> <Delay = 0.00>
ST_1 : Operation 6 [1/1] (0.00ns)   --->   "%h256_read = read i256 @_ssdm_op_Read.ap_auto.i256, i256 %h256"   --->   Operation 6 'read' 'h256_read' <Predicate = true> <Delay = 0.00>
ST_1 : Operation 7 [1/1] (0.42ns)   --->   "%store_ln0 = store i5 0, i5 %i"   --->   Operation 7 'store' 'store_ln0' <Predicate = true> <Delay = 0.42>
ST_1 : Operation 8 [1/1] (0.42ns)   --->   "%store_ln0 = store i12 0, i12 %aux_perm"   --->   Operation 8 'store' 'store_ln0' <Predicate = true> <Delay = 0.42>
ST_1 : Operation 9 [1/1] (0.00ns)   --->   "%br_ln0 = br void %for.inc"   --->   Operation 9 'br' 'br_ln0' <Predicate = true> <Delay = 0.00>
ST_1 : Operation 10 [1/1] (0.00ns)   --->   "%i_3 = load i5 %i" [chls/sub_modules.cpp:44]   --->   Operation 10 'load' 'i_3' <Predicate = true> <Delay = 0.00>
ST_1 : Operation 11 [1/1] (0.00ns)   --->   "%specpipeline_ln0 = specpipeline void @_ssdm_op_SpecPipeline, i32 4294967295, i32 0, i32 1, i32 0, void @p_str"   --->   Operation 11 'specpipeline' 'specpipeline_ln0' <Predicate = true> <Delay = 0.00>
ST_1 : Operation 12 [1/1] (0.78ns)   --->   "%icmp_ln43 = icmp_eq  i5 %i_3, i5 16" [chls/sub_modules.cpp:43]   --->   Operation 12 'icmp' 'icmp_ln43' <Predicate = true> <Delay = 0.78> <CoreInst = "Cmp">   --->   Core 9 'Cmp' <Latency = 0> <II = 1> <Delay = 0.78> <FuncUnit> <Opcode : 'icmp'> <InPorts = 2> <OutPorts = 1>
ST_1 : Operation 13 [1/1] (0.78ns)   --->   "%i_4 = add i5 %i_3, i5 1" [chls/sub_modules.cpp:43]   --->   Operation 13 'add' 'i_4' <Predicate = true> <Delay = 0.78> <CoreInst = "Adder">   --->   Core 1 'Adder' <Latency = 0> <II = 1> <Delay = 0.78> <FuncUnit> <Opcode : 'add' 'sub'> <InPorts = 2> <OutPorts = 1>
ST_1 : Operation 14 [1/1] (0.00ns)   --->   "%br_ln43 = br i1 %icmp_ln43, void %for.inc.split, void %for.inc27.preheader.exitStub" [chls/sub_modules.cpp:43]   --->   Operation 14 'br' 'br_ln43' <Predicate = true> <Delay = 0.00>
ST_1 : Operation 15 [1/1] (0.00ns)   --->   "%aux_perm_load = load i12 %aux_perm" [chls/sub_modules.cpp:45]   --->   Operation 15 'load' 'aux_perm_load' <Predicate = (!icmp_ln43)> <Delay = 0.00>
ST_1 : Operation 16 [1/1] (0.00ns)   --->   "%speclooptripcount_ln34 = speclooptripcount void @_ssdm_op_SpecLoopTripCount, i64 16, i64 16, i64 16" [chls/sub_modules.cpp:34]   --->   Operation 16 'speclooptripcount' 'speclooptripcount_ln34' <Predicate = (!icmp_ln43)> <Delay = 0.00>
ST_1 : Operation 17 [1/1] (0.00ns)   --->   "%specloopname_ln43 = specloopname void @_ssdm_op_SpecLoopName, void @empty_0" [chls/sub_modules.cpp:43]   --->   Operation 17 'specloopname' 'specloopname_ln43' <Predicate = (!icmp_ln43)> <Delay = 0.00>
ST_1 : Operation 18 [1/1] (0.00ns)   --->   "%trunc_ln44 = trunc i5 %i_3" [chls/sub_modules.cpp:44]   --->   Operation 18 'trunc' 'trunc_ln44' <Predicate = (!icmp_ln43)> <Delay = 0.00>
ST_1 : Operation 19 [1/1] (0.00ns)   --->   "%shl_ln = bitconcatenate i7 @_ssdm_op_BitConcatenate.i7.i4.i3, i4 %trunc_ln44, i3 0" [chls/sub_modules.cpp:44]   --->   Operation 19 'bitconcatenate' 'shl_ln' <Predicate = (!icmp_ln43)> <Delay = 0.00>
ST_1 : Operation 20 [1/1] (0.00ns)   --->   "%zext_ln44 = zext i7 %shl_ln" [chls/sub_modules.cpp:44]   --->   Operation 20 'zext' 'zext_ln44' <Predicate = (!icmp_ln43)> <Delay = 0.00>
ST_1 : Operation 21 [1/1] (1.53ns)   --->   "%lshr_ln44 = lshr i256 %h256_read, i256 %zext_ln44" [chls/sub_modules.cpp:44]   --->   Operation 21 'lshr' 'lshr_ln44' <Predicate = (!icmp_ln43)> <Delay = 1.53> <CoreInst = "Shifter">   --->   Core 75 'Shifter' <Latency = 0> <II = 1> <Delay = 1.53> <FuncUnit> <Opcode : 'shl' 'lshr' 'ashr'> <InPorts = 2> <OutPorts = 1>
ST_1 : Operation 22 [1/1] (0.00ns)   --->   "%h = trunc i256 %lshr_ln44" [chls/sub_modules.cpp:44]   --->   Operation 22 'trunc' 'h' <Predicate = (!icmp_ln43)> <Delay = 0.00>
ST_1 : Operation 23 [1/1] (0.00ns)   --->   "%zext_ln45 = zext i8 %h" [chls/sub_modules.cpp:45]   --->   Operation 23 'zext' 'zext_ln45' <Predicate = (!icmp_ln43)> <Delay = 0.00>
ST_1 : Operation 24 [1/1] (0.80ns)   --->   "%aux_perm_1 = add i12 %zext_ln45, i12 %aux_perm_load" [chls/sub_modules.cpp:45]   --->   Operation 24 'add' 'aux_perm_1' <Predicate = (!icmp_ln43)> <Delay = 0.80> <CoreInst = "Adder">   --->   Core 1 'Adder' <Latency = 0> <II = 1> <Delay = 0.80> <FuncUnit> <Opcode : 'add' 'sub'> <InPorts = 2> <OutPorts = 1>
ST_1 : Operation 25 [1/1] (0.42ns)   --->   "%store_ln43 = store i5 %i_4, i5 %i" [chls/sub_modules.cpp:43]   --->   Operation 25 'store' 'store_ln43' <Predicate = (!icmp_ln43)> <Delay = 0.42>
ST_1 : Operation 26 [1/1] (0.42ns)   --->   "%store_ln43 = store i12 %aux_perm_1, i12 %aux_perm" [chls/sub_modules.cpp:43]   --->   Operation 26 'store' 'store_ln43' <Predicate = (!icmp_ln43)> <Delay = 0.42>
ST_1 : Operation 27 [1/1] (0.00ns)   --->   "%br_ln43 = br void %for.inc" [chls/sub_modules.cpp:43]   --->   Operation 27 'br' 'br_ln43' <Predicate = (!icmp_ln43)> <Delay = 0.00>
ST_1 : Operation 28 [1/1] (0.00ns)   --->   "%aux_perm_load_1 = load i12 %aux_perm"   --->   Operation 28 'load' 'aux_perm_load_1' <Predicate = (icmp_ln43)> <Delay = 0.00>
ST_1 : Operation 29 [1/1] (0.00ns)   --->   "%write_ln0 = write void @_ssdm_op_Write.ap_auto.i12P0A, i12 %aux_perm_out, i12 %aux_perm_load_1"   --->   Operation 29 'write' 'write_ln0' <Predicate = (icmp_ln43)> <Delay = 0.00>
ST_1 : Operation 30 [1/1] (0.00ns)   --->   "%ret_ln0 = ret"   --->   Operation 30 'ret' 'ret_ln0' <Predicate = (icmp_ln43)> <Delay = 0.00>


============================================================
+ Verbose Summary: Binding
============================================================
STG Binding: 
---------------- STG Properties BEGIN ----------------
- Is combinational: 0
- Is one-state seq: 0
- Is datapath-only: 0
- Is pipelined: 0
- Is top level: 0
Port [ Return ] is wired: 1; IO mode=ap_ctrl_hs:ce=0
Port [ h256]:  wired=1; compound=0; hidden=0; nouse=0; global=0; static=0; extern=0; dir=0; type=0; pingpong=0; private_global=0; IO mode=ap_none:ce=0
Port [ aux_perm_out]:  wired=1; compound=0; hidden=0; nouse=0; global=0; static=0; extern=0; dir=1; type=0; pingpong=0; private_global=0; IO mode=ap_vld:ce=0
---------------- STG Properties END ------------------

---------------- Datapath Model BEGIN ----------------

<LifeTime>
<method=bitvector/>
aux_perm               (alloca           ) [ 01]
i                      (alloca           ) [ 01]
h256_read              (read             ) [ 00]
store_ln0              (store            ) [ 00]
store_ln0              (store            ) [ 00]
br_ln0                 (br               ) [ 00]
i_3                    (load             ) [ 00]
specpipeline_ln0       (specpipeline     ) [ 00]
icmp_ln43              (icmp             ) [ 01]
i_4                    (add              ) [ 00]
br_ln43                (br               ) [ 00]
aux_perm_load          (load             ) [ 00]
speclooptripcount_ln34 (speclooptripcount) [ 00]
specloopname_ln43      (specloopname     ) [ 00]
trunc_ln44             (trunc            ) [ 00]
shl_ln                 (bitconcatenate   ) [ 00]
zext_ln44              (zext             ) [ 00]
lshr_ln44              (lshr             ) [ 00]
h                      (trunc            ) [ 00]
zext_ln45              (zext             ) [ 00]
aux_perm_1             (add              ) [ 00]
store_ln43             (store            ) [ 00]
store_ln43             (store            ) [ 00]
br_ln43                (br               ) [ 00]
aux_perm_load_1        (load             ) [ 00]
write_ln0              (write            ) [ 00]
ret_ln0                (ret              ) [ 00]
</LifeTime>

<model>

<comp_list>
<comp id="0" class="1000" name="h256">
<pin_list>
<pin id="1" dir="1" index="0" bw="1" slack="0"/>
</pin_list>
<bind>
<StgValue><ssdm name="h256"/></StgValue>
</bind>
</comp>

<comp id="2" class="1000" name="aux_perm_out">
<pin_list>
<pin id="3" dir="1" index="0" bw="1" slack="0"/>
</pin_list>
<bind>
<StgValue><ssdm name="aux_perm_out"/></StgValue>
</bind>
</comp>

<comp id="4" class="1001" name="const_4">
<pin_list>
<pin id="5" dir="1" index="0" bw="1" slack="0"/>
</pin_list>
<bind>
<StgValue><ssdm name=""/></StgValue>
</bind>
</comp>

<comp id="6" class="1001" name="const_6">
<pin_list>
<pin id="7" dir="1" index="0" bw="1" slack="0"/>
</pin_list>
<bind>
<StgValue><ssdm name="_ssdm_op_Read.ap_auto.i256"/></StgValue>
</bind>
</comp>

<comp id="8" class="1001" name="const_8">
<pin_list>
<pin id="9" dir="1" index="0" bw="1" slack="0"/>
</pin_list>
<bind>
<StgValue><ssdm name=""/></StgValue>
</bind>
</comp>

<comp id="10" class="1001" name="const_10">
<pin_list>
<pin id="11" dir="1" index="0" bw="1" slack="0"/>
</pin_list>
<bind>
<StgValue><ssdm name=""/></StgValue>
</bind>
</comp>

<comp id="12" class="1001" name="const_12">
<pin_list>
<pin id="13" dir="1" index="0" bw="1" slack="2147483647"/>
</pin_list>
<bind>
<StgValue><ssdm name="_ssdm_op_SpecPipeline"/></StgValue>
</bind>
</comp>

<comp id="14" class="1001" name="const_14">
<pin_list>
<pin id="15" dir="1" index="0" bw="1" slack="2147483647"/>
</pin_list>
<bind>
<StgValue><ssdm name=""/></StgValue>
</bind>
</comp>

<comp id="16" class="1001" name="const_16">
<pin_list>
<pin id="17" dir="1" index="0" bw="1" slack="2147483647"/>
</pin_list>
<bind>
<StgValue><ssdm name=""/></StgValue>
</bind>
</comp>

<comp id="18" class="1001" name="const_18">
<pin_list>
<pin id="19" dir="1" index="0" bw="1" slack="2147483647"/>
</pin_list>
<bind>
<StgValue><ssdm name="p_str"/></StgValue>
</bind>
</comp>

<comp id="20" class="1001" name="const_20">
<pin_list>
<pin id="21" dir="1" index="0" bw="1" slack="0"/>
</pin_list>
<bind>
<StgValue><ssdm name=""/></StgValue>
</bind>
</comp>

<comp id="22" class="1001" name="const_22">
<pin_list>
<pin id="23" dir="1" index="0" bw="1" slack="0"/>
</pin_list>
<bind>
<StgValue><ssdm name=""/></StgValue>
</bind>
</comp>

<comp id="24" class="1001" name="const_24">
<pin_list>
<pin id="25" dir="1" index="0" bw="1" slack="2147483647"/>
</pin_list>
<bind>
<StgValue><ssdm name="_ssdm_op_SpecLoopTripCount"/></StgValue>
</bind>
</comp>

<comp id="26" class="1001" name="const_26">
<pin_list>
<pin id="27" dir="1" index="0" bw="1" slack="2147483647"/>
</pin_list>
<bind>
<StgValue><ssdm name=""/></StgValue>
</bind>
</comp>

<comp id="28" class="1001" name="const_28">
<pin_list>
<pin id="29" dir="1" index="0" bw="1" slack="2147483647"/>
</pin_list>
<bind>
<StgValue><ssdm name="_ssdm_op_SpecLoopName"/></StgValue>
</bind>
</comp>

<comp id="30" class="1001" name="const_30">
<pin_list>
<pin id="31" dir="1" index="0" bw="1" slack="2147483647"/>
</pin_list>
<bind>
<StgValue><ssdm name="empty_0"/></StgValue>
</bind>
</comp>

<comp id="32" class="1001" name="const_32">
<pin_list>
<pin id="33" dir="1" index="0" bw="1" slack="0"/>
</pin_list>
<bind>
<StgValue><ssdm name="_ssdm_op_BitConcatenate.i7.i4.i3"/></StgValue>
</bind>
</comp>

<comp id="34" class="1001" name="const_34">
<pin_list>
<pin id="35" dir="1" index="0" bw="1" slack="0"/>
</pin_list>
<bind>
<StgValue><ssdm name=""/></StgValue>
</bind>
</comp>

<comp id="36" class="1001" name="const_36">
<pin_list>
<pin id="37" dir="1" index="0" bw="1" slack="0"/>
</pin_list>
<bind>
<StgValue><ssdm name="_ssdm_op_Write.ap_auto.i12P0A"/></StgValue>
</bind>
</comp>

<comp id="38" class="1004" name="aux_perm_fu_38">
<pin_list>
<pin id="39" dir="0" index="0" bw="1" slack="0"/>
<pin id="40" dir="1" index="1" bw="12" slack="0"/>
</pin_list>
<bind>
<opcode="alloca(26) " fcode="alloca"/>
<opset="aux_perm/1 "/>
</bind>
</comp>

<comp id="42" class="1004" name="i_fu_42">
<pin_list>
<pin id="43" dir="0" index="0" bw="1" slack="0"/>
<pin id="44" dir="1" index="1" bw="5" slack="0"/>
</pin_list>
<bind>
<opcode="alloca(26) " fcode="alloca"/>
<opset="i/1 "/>
</bind>
</comp>

<comp id="46" class="1004" name="h256_read_read_fu_46">
<pin_list>
<pin id="47" dir="0" index="0" bw="256" slack="0"/>
<pin id="48" dir="0" index="1" bw="256" slack="0"/>
<pin id="49" dir="1" index="2" bw="256" slack="0"/>
</pin_list>
<bind>
<opcode="read(1150) " fcode="read"/>
<opset="h256_read/1 "/>
</bind>
</comp>

<comp id="52" class="1004" name="write_ln0_write_fu_52">
<pin_list>
<pin id="53" dir="0" index="0" bw="0" slack="0"/>
<pin id="54" dir="0" index="1" bw="12" slack="0"/>
<pin id="55" dir="0" index="2" bw="12" slack="0"/>
<pin id="56" dir="1" index="3" bw="0" slack="2147483647"/>
</pin_list>
<bind>
<opcode="write(1151) " fcode="write"/>
<opset="write_ln0/1 "/>
</bind>
</comp>

<comp id="59" class="1004" name="store_ln0_store_fu_59">
<pin_list>
<pin id="60" dir="0" index="0" bw="1" slack="0"/>
<pin id="61" dir="0" index="1" bw="5" slack="0"/>
<pin id="62" dir="1" index="2" bw="0" slack="2147483647"/>
</pin_list>
<bind>
<opcode="store(28) " fcode="store"/>
<opset="store_ln0/1 "/>
</bind>
</comp>

<comp id="64" class="1004" name="store_ln0_store_fu_64">
<pin_list>
<pin id="65" dir="0" index="0" bw="1" slack="0"/>
<pin id="66" dir="0" index="1" bw="12" slack="0"/>
<pin id="67" dir="1" index="2" bw="0" slack="2147483647"/>
</pin_list>
<bind>
<opcode="store(28) " fcode="store"/>
<opset="store_ln0/1 "/>
</bind>
</comp>

<comp id="69" class="1004" name="i_3_load_fu_69">
<pin_list>
<pin id="70" dir="0" index="0" bw="5" slack="0"/>
<pin id="71" dir="1" index="1" bw="5" slack="0"/>
</pin_list>
<bind>
<opcode="load(27) " fcode="load"/>
<opset="i_3/1 "/>
</bind>
</comp>

<comp id="72" class="1004" name="icmp_ln43_fu_72">
<pin_list>
<pin id="73" dir="0" index="0" bw="5" slack="0"/>
<pin id="74" dir="0" index="1" bw="5" slack="0"/>
<pin id="75" dir="1" index="2" bw="1" slack="2147483647"/>
</pin_list>
<bind>
<opcode="icmp(45) " fcode="icmp"/>
<opset="icmp_ln43/1 "/>
</bind>
</comp>

<comp id="78" class="1004" name="i_4_fu_78">
<pin_list>
<pin id="79" dir="0" index="0" bw="5" slack="0"/>
<pin id="80" dir="0" index="1" bw="1" slack="0"/>
<pin id="81" dir="1" index="2" bw="5" slack="0"/>
</pin_list>
<bind>
<opcode="add(8) " fcode="add"/>
<opset="i_4/1 "/>
</bind>
</comp>

<comp id="84" class="1004" name="aux_perm_load_load_fu_84">
<pin_list>
<pin id="85" dir="0" index="0" bw="12" slack="0"/>
<pin id="86" dir="1" index="1" bw="12" slack="0"/>
</pin_list>
<bind>
<opcode="load(27) " fcode="load"/>
<opset="aux_perm_load/1 "/>
</bind>
</comp>

<comp id="87" class="1004" name="trunc_ln44_fu_87">
<pin_list>
<pin id="88" dir="0" index="0" bw="5" slack="0"/>
<pin id="89" dir="1" index="1" bw="4" slack="0"/>
</pin_list>
<bind>
<opcode="trunc(33) " fcode="trunc"/>
<opset="trunc_ln44/1 "/>
</bind>
</comp>

<comp id="91" class="1004" name="shl_ln_fu_91">
<pin_list>
<pin id="92" dir="0" index="0" bw="7" slack="0"/>
<pin id="93" dir="0" index="1" bw="4" slack="0"/>
<pin id="94" dir="0" index="2" bw="1" slack="0"/>
<pin id="95" dir="1" index="3" bw="7" slack="0"/>
</pin_list>
<bind>
<opcode="bitconcatenate(1004) " fcode="bitconcatenate"/>
<opset="shl_ln/1 "/>
</bind>
</comp>

<comp id="99" class="1004" name="zext_ln44_fu_99">
<pin_list>
<pin id="100" dir="0" index="0" bw="7" slack="0"/>
<pin id="101" dir="1" index="1" bw="256" slack="0"/>
</pin_list>
<bind>
<opcode="zext(34) " fcode="zext"/>
<opset="zext_ln44/1 "/>
</bind>
</comp>

<comp id="103" class="1004" name="lshr_ln44_fu_103">
<pin_list>
<pin id="104" dir="0" index="0" bw="256" slack="0"/>
<pin id="105" dir="0" index="1" bw="7" slack="0"/>
<pin id="106" dir="1" index="2" bw="256" slack="0"/>
</pin_list>
<bind>
<opcode="lshr(21) " fcode="lshr"/>
<opset="lshr_ln44/1 "/>
</bind>
</comp>

<comp id="109" class="1004" name="h_fu_109">
<pin_list>
<pin id="110" dir="0" index="0" bw="256" slack="0"/>
<pin id="111" dir="1" index="1" bw="8" slack="0"/>
</pin_list>
<bind>
<opcode="trunc(33) " fcode="trunc"/>
<opset="h/1 "/>
</bind>
</comp>

<comp id="113" class="1004" name="zext_ln45_fu_113">
<pin_list>
<pin id="114" dir="0" index="0" bw="8" slack="0"/>
<pin id="115" dir="1" index="1" bw="12" slack="0"/>
</pin_list>
<bind>
<opcode="zext(34) " fcode="zext"/>
<opset="zext_ln45/1 "/>
</bind>
</comp>

<comp id="117" class="1004" name="aux_perm_1_fu_117">
<pin_list>
<pin id="118" dir="0" index="0" bw="8" slack="0"/>
<pin id="119" dir="0" index="1" bw="12" slack="0"/>
<pin id="120" dir="1" index="2" bw="12" slack="0"/>
</pin_list>
<bind>
<opcode="add(8) " fcode="add"/>
<opset="aux_perm_1/1 "/>
</bind>
</comp>

<comp id="123" class="1004" name="store_ln43_store_fu_123">
<pin_list>
<pin id="124" dir="0" index="0" bw="5" slack="0"/>
<pin id="125" dir="0" index="1" bw="5" slack="0"/>
<pin id="126" dir="1" index="2" bw="0" slack="2147483647"/>
</pin_list>
<bind>
<opcode="store(28) " fcode="store"/>
<opset="store_ln43/1 "/>
</bind>
</comp>

<comp id="128" class="1004" name="store_ln43_store_fu_128">
<pin_list>
<pin id="129" dir="0" index="0" bw="12" slack="0"/>
<pin id="130" dir="0" index="1" bw="12" slack="0"/>
<pin id="131" dir="1" index="2" bw="0" slack="2147483647"/>
</pin_list>
<bind>
<opcode="store(28) " fcode="store"/>
<opset="store_ln43/1 "/>
</bind>
</comp>

<comp id="133" class="1004" name="aux_perm_load_1_load_fu_133">
<pin_list>
<pin id="134" dir="0" index="0" bw="12" slack="0"/>
<pin id="135" dir="1" index="1" bw="12" slack="0"/>
</pin_list>
<bind>
<opcode="load(27) " fcode="load"/>
<opset="aux_perm_load_1/1 "/>
</bind>
</comp>

<comp id="137" class="1005" name="aux_perm_reg_137">
<pin_list>
<pin id="138" dir="0" index="0" bw="12" slack="0"/>
<pin id="139" dir="1" index="1" bw="12" slack="0"/>
</pin_list>
<bind>
<opset="aux_perm "/>
</bind>
</comp>

<comp id="145" class="1005" name="i_reg_145">
<pin_list>
<pin id="146" dir="0" index="0" bw="5" slack="0"/>
<pin id="147" dir="1" index="1" bw="5" slack="0"/>
</pin_list>
<bind>
<opset="i "/>
</bind>
</comp>

</comp_list>

<net_list>
<net id="41"><net_src comp="4" pin="0"/><net_sink comp="38" pin=0"/></net>

<net id="45"><net_src comp="4" pin="0"/><net_sink comp="42" pin=0"/></net>

<net id="50"><net_src comp="6" pin="0"/><net_sink comp="46" pin=0"/></net>

<net id="51"><net_src comp="0" pin="0"/><net_sink comp="46" pin=1"/></net>

<net id="57"><net_src comp="36" pin="0"/><net_sink comp="52" pin=0"/></net>

<net id="58"><net_src comp="2" pin="0"/><net_sink comp="52" pin=1"/></net>

<net id="63"><net_src comp="8" pin="0"/><net_sink comp="59" pin=0"/></net>

<net id="68"><net_src comp="10" pin="0"/><net_sink comp="64" pin=0"/></net>

<net id="76"><net_src comp="69" pin="1"/><net_sink comp="72" pin=0"/></net>

<net id="77"><net_src comp="20" pin="0"/><net_sink comp="72" pin=1"/></net>

<net id="82"><net_src comp="69" pin="1"/><net_sink comp="78" pin=0"/></net>

<net id="83"><net_src comp="22" pin="0"/><net_sink comp="78" pin=1"/></net>

<net id="90"><net_src comp="69" pin="1"/><net_sink comp="87" pin=0"/></net>

<net id="96"><net_src comp="32" pin="0"/><net_sink comp="91" pin=0"/></net>

<net id="97"><net_src comp="87" pin="1"/><net_sink comp="91" pin=1"/></net>

<net id="98"><net_src comp="34" pin="0"/><net_sink comp="91" pin=2"/></net>

<net id="102"><net_src comp="91" pin="3"/><net_sink comp="99" pin=0"/></net>

<net id="107"><net_src comp="46" pin="2"/><net_sink comp="103" pin=0"/></net>

<net id="108"><net_src comp="99" pin="1"/><net_sink comp="103" pin=1"/></net>

<net id="112"><net_src comp="103" pin="2"/><net_sink comp="109" pin=0"/></net>

<net id="116"><net_src comp="109" pin="1"/><net_sink comp="113" pin=0"/></net>

<net id="121"><net_src comp="113" pin="1"/><net_sink comp="117" pin=0"/></net>

<net id="122"><net_src comp="84" pin="1"/><net_sink comp="117" pin=1"/></net>

<net id="127"><net_src comp="78" pin="2"/><net_sink comp="123" pin=0"/></net>

<net id="132"><net_src comp="117" pin="2"/><net_sink comp="128" pin=0"/></net>

<net id="136"><net_src comp="133" pin="1"/><net_sink comp="52" pin=2"/></net>

<net id="140"><net_src comp="38" pin="1"/><net_sink comp="137" pin=0"/></net>

<net id="141"><net_src comp="137" pin="1"/><net_sink comp="64" pin=1"/></net>

<net id="142"><net_src comp="137" pin="1"/><net_sink comp="84" pin=0"/></net>

<net id="143"><net_src comp="137" pin="1"/><net_sink comp="128" pin=1"/></net>

<net id="144"><net_src comp="137" pin="1"/><net_sink comp="133" pin=0"/></net>

<net id="148"><net_src comp="42" pin="1"/><net_sink comp="145" pin=0"/></net>

<net id="149"><net_src comp="145" pin="1"/><net_sink comp="59" pin=1"/></net>

<net id="150"><net_src comp="145" pin="1"/><net_sink comp="69" pin=0"/></net>

<net id="151"><net_src comp="145" pin="1"/><net_sink comp="123" pin=1"/></net>

</net_list>

</model> 
---------------- Datapath Model END ------------------

* FSMD analyzer results:
  - Output states:
	Port: aux_perm_out | {1 }
 - Input state : 
	Port: set_hash_stream_Pipeline_VITIS_LOOP_43_2 : h256 | {1 }
  - Chain level:
	State 1
		store_ln0 : 1
		store_ln0 : 1
		i_3 : 1
		icmp_ln43 : 2
		i_4 : 2
		br_ln43 : 3
		aux_perm_load : 1
		trunc_ln44 : 2
		shl_ln : 3
		zext_ln44 : 4
		lshr_ln44 : 5
		h : 6
		zext_ln45 : 7
		aux_perm_1 : 8
		store_ln43 : 3
		store_ln43 : 9
		aux_perm_load_1 : 1
		write_ln0 : 2


============================================================
+ Verbose Summary: Datapath Resource usage 
============================================================

* Functional unit list:
|----------|-----------------------|---------|---------|
| Operation|    Functional Unit    |    FF   |   LUT   |
|----------|-----------------------|---------|---------|
|   lshr   |    lshr_ln44_fu_103   |    0    |   950   |
|----------|-----------------------|---------|---------|
|    add   |       i_4_fu_78       |    0    |    12   |
|          |   aux_perm_1_fu_117   |    0    |    19   |
|----------|-----------------------|---------|---------|
|   icmp   |    icmp_ln43_fu_72    |    0    |    12   |
|----------|-----------------------|---------|---------|
|   read   |  h256_read_read_fu_46 |    0    |    0    |
|----------|-----------------------|---------|---------|
|   write  | write_ln0_write_fu_52 |    0    |    0    |
|----------|-----------------------|---------|---------|
|   trunc  |    trunc_ln44_fu_87   |    0    |    0    |
|          |        h_fu_109       |    0    |    0    |
|----------|-----------------------|---------|---------|
|bitconcatenate|      shl_ln_fu_91     |    0    |    0    |
|----------|-----------------------|---------|---------|
|   zext   |    zext_ln44_fu_99    |    0    |    0    |
|          |    zext_ln45_fu_113   |    0    |    0    |
|----------|-----------------------|---------|---------|
|   Total  |                       |    0    |   993   |
|----------|-----------------------|---------|---------|

Memories:
N/A

* Register list:
+----------------+--------+
|                |   FF   |
+----------------+--------+
|aux_perm_reg_137|   12   |
|    i_reg_145   |    5   |
+----------------+--------+
|      Total     |   17   |
+----------------+--------+

* Multiplexer (MUX) list: 
|--------|------|------|------|--------|
|  Comp  |  Pin | Size |  BW  | S x BW |
|--------|------|------|------|--------|
|  Total |      |      |      |    0   |
|--------|------|------|------|--------|



* Summary:
+-----------+--------+--------+
|           |   FF   |   LUT  |
+-----------+--------+--------+
|  Function |    0   |   993  |
|   Memory  |    -   |    -   |
|Multiplexer|    -   |    -   |
|  Register |   17   |    -   |
+-----------+--------+--------+
|   Total   |   17   |   993  |
+-----------+--------+--------+
