

================================================================
== Vitis HLS Report for 'set_hash_stream_Pipeline_VITIS_LOOP_43_2'
================================================================
* Date:           Wed Jun  7 23:11:31 2023

* Version:        2023.1 (Build 3854077 on May  4 2023)
* Project:        chls
* Solution:       solution1 (Vivado IP Flow Target)
* Product family: zynquplus
* Target device:  xczu7ev-ffvc1156-2-e


================================================================
== Performance Estimates
================================================================
+ Timing: 
    * Summary: 
    +--------+----------+----------+------------+
    |  Clock |  Target  | Estimated| Uncertainty|
    +--------+----------+----------+------------+
    |ap_clk  |  11.00 ns|  2.769 ns|     2.97 ns|
    +--------+----------+----------+------------+

+ Latency: 
    * Summary: 
    +---------+---------+----------+----------+-----+-----+---------+
    |  Latency (cycles) |  Latency (absolute) |  Interval | Pipeline|
    |   min   |   max   |    min   |    max   | min | max |   Type  |
    +---------+---------+----------+----------+-----+-----+---------+
    |       18|       18|  0.198 us|  0.198 us|   18|   18|       no|
    +---------+---------+----------+----------+-----+-----+---------+

    + Detail: 
        * Instance: 
        N/A

        * Loop: 
        +-------------------+---------+---------+----------+-----------+-----------+------+----------+
        |                   |  Latency (cycles) | Iteration|  Initiation Interval  | Trip |          |
        |     Loop Name     |   min   |   max   |  Latency |  achieved |   target  | Count| Pipelined|
        +-------------------+---------+---------+----------+-----------+-----------+------+----------+
        |- VITIS_LOOP_43_2  |       16|       16|         1|          1|          1|    16|       yes|
        +-------------------+---------+---------+----------+-----------+-----------+------+----------+

============================================================
+ Verbose Summary: Synthesis Manager
============================================================
InlineROM: 1
ExposeGlobal: 0
============================================================
+ Verbose Summary: CDFG Model
============================================================
IsTopModel: 0
ResetActiveHigh: 1
IsCombinational: 0
IsDatapathOnly: 0
HasWiredReturn: 1
HasMFsm: 2
HasVarLatency: 1
IsPipeline: 0
IsRtlPipelined: 0
IsInstanceOverlapped: 0
IsDontTouch: 0
HasImplIP: 0
IsGatedGlobalClock: 0

+ Individual pipeline summary: 
  * Pipeline-0: initiation interval (II) = 1, depth = 1


============================================================
+ Verbose Summary: Schedule
============================================================
* Number of FSM states : 1
* Pipeline : 1
  Pipeline-0 : II = 1, D = 1, States = { 1 }
* Dataflow Pipeline: 0

* FSM state transitions: 
1 --> 

* FSM state operations: 

State 1 <SV = 0> <Delay = 2.76>
ST_1 : Operation 4 [1/1] (0.00ns)   --->   "%aux_perm = alloca i32 1"   --->   Operation 4 'alloca' 'aux_perm' <Predicate = true> <Delay = 0.00>
ST_1 : Operation 5 [1/1] (0.00ns)   --->   "%i = alloca i32 1"   --->   Operation 5 'alloca' 'i' <Predicate = true> <Delay = 0.00>
ST_1 : Operation 6 [1/1] (0.00ns)   --->   "%h256_read = read i256 @_ssdm_op_Read.ap_auto.i256, i256 %h256"   --->   Operation 6 'read' 'h256_read' <Predicate = true> <Delay = 0.00>
ST_1 : Operation 7 [1/1] (0.42ns)   --->   "%store_ln0 = store i5 0, i5 %i"   --->   Operation 7 'store' 'store_ln0' <Predicate = true> <Delay = 0.42>
ST_1 : Operation 8 [1/1] (0.42ns)   --->   "%store_ln0 = store i12 0, i12 %aux_perm"   --->   Operation 8 'store' 'store_ln0' <Predicate = true> <Delay = 0.42>
ST_1 : Operation 9 [1/1] (0.00ns)   --->   "%br_ln0 = br void %for.inc"   --->   Operation 9 'br' 'br_ln0' <Predicate = true> <Delay = 0.00>
ST_1 : Operation 10 [1/1] (0.00ns)   --->   "%i_3 = load i5 %i" [chls/sub_modules.cpp:44]   --->   Operation 10 'load' 'i_3' <Predicate = true> <Delay = 0.00>
ST_1 : Operation 11 [1/1] (0.00ns)   --->   "%specpipeline_ln0 = specpipeline void @_ssdm_op_SpecPipeline, i32 4294967295, i32 0, i32 1, i32 0, void @p_str"   --->   Operation 11 'specpipeline' 'specpipeline_ln0' <Predicate = true> <Delay = 0.00>
ST_1 : Operation 12 [1/1] (0.78ns)   --->   "%icmp_ln43 = icmp_eq  i5 %i_3, i5 16" [chls/sub_modules.cpp:43]   --->   Operation 12 'icmp' 'icmp_ln43' <Predicate = true> <Delay = 0.78> <CoreInst = "Cmp">   --->   Core 9 'Cmp' <Latency = 0> <II = 1> <Delay = 0.78> <FuncUnit> <Opcode : 'icmp'> <InPorts = 2> <OutPorts = 1>
ST_1 : Operation 13 [1/1] (0.78ns)   --->   "%i_4 = add i5 %i_3, i5 1" [chls/sub_modules.cpp:43]   --->   Operation 13 'add' 'i_4' <Predicate = true> <Delay = 0.78> <CoreInst = "Adder">   --->   Core 1 'Adder' <Latency = 0> <II = 1> <Delay = 0.78> <FuncUnit> <Opcode : 'add' 'sub'> <InPorts = 2> <OutPorts = 1>
ST_1 : Operation 14 [1/1] (0.00ns)   --->   "%br_ln43 = br i1 %icmp_ln43, void %for.inc.split, void %for.inc27.preheader.exitStub" [chls/sub_modules.cpp:43]   --->   Operation 14 'br' 'br_ln43' <Predicate = true> <Delay = 0.00>
ST_1 : Operation 15 [1/1] (0.00ns)   --->   "%aux_perm_load = load i12 %aux_perm" [chls/sub_modules.cpp:45]   --->   Operation 15 'load' 'aux_perm_load' <Predicate = (!icmp_ln43)> <Delay = 0.00>
ST_1 : Operation 16 [1/1] (0.00ns)   --->   "%speclooptripcount_ln34 = speclooptripcount void @_ssdm_op_SpecLoopTripCount, i64 16, i64 16, i64 16" [chls/sub_modules.cpp:34]   --->   Operation 16 'speclooptripcount' 'speclooptripcount_ln34' <Predicate = (!icmp_ln43)> <Delay = 0.00>
ST_1 : Operation 17 [1/1] (0.00ns)   --->   "%specloopname_ln43 = specloopname void @_ssdm_op_SpecLoopName, void @empty_0" [chls/sub_modules.cpp:43]   --->   Operation 17 'specloopname' 'specloopname_ln43' <Predicate = (!icmp_ln43)> <Delay = 0.00>
ST_1 : Operation 18 [1/1] (0.00ns)   --->   "%trunc_ln44 = trunc i5 %i_3" [chls/sub_modules.cpp:44]   --->   Operation 18 'trunc' 'trunc_ln44' <Predicate = (!icmp_ln43)> <Delay = 0.00>
ST_1 : Operation 19 [1/1] (0.00ns)   --->   "%shl_ln = bitconcatenate i7 @_ssdm_op_BitConcatenate.i7.i4.i3, i4 %trunc_ln44, i3 0" [chls/sub_modules.cpp:44]   --->   Operation 19 'bitconcatenate' 'shl_ln' <Predicate = (!icmp_ln43)> <Delay = 0.00>
ST_1 : Operation 20 [1/1] (0.00ns)   --->   "%zext_ln44 = zext i7 %shl_ln" [chls/sub_modules.cpp:44]   --->   Operation 20 'zext' 'zext_ln44' <Predicate = (!icmp_ln43)> <Delay = 0.00>
ST_1 : Operation 21 [1/1] (1.53ns)   --->   "%lshr_ln44 = lshr i256 %h256_read, i256 %zext_ln44" [chls/sub_modules.cpp:44]   --->   Operation 21 'lshr' 'lshr_ln44' <Predicate = (!icmp_ln43)> <Delay = 1.53> <CoreInst = "Shifter">   --->   Core 75 'Shifter' <Latency = 0> <II = 1> <Delay = 1.53> <FuncUnit> <Opcode : 'shl' 'lshr' 'ashr'> <InPorts = 2> <OutPorts = 1>
ST_1 : Operation 22 [1/1] (0.00ns)   --->   "%h = trunc i256 %lshr_ln44" [chls/sub_modules.cpp:44]   --->   Operation 22 'trunc' 'h' <Predicate = (!icmp_ln43)> <Delay = 0.00>
ST_1 : Operation 23 [1/1] (0.00ns)   --->   "%zext_ln45 = zext i8 %h" [chls/sub_modules.cpp:45]   --->   Operation 23 'zext' 'zext_ln45' <Predicate = (!icmp_ln43)> <Delay = 0.00>
ST_1 : Operation 24 [1/1] (0.80ns)   --->   "%aux_perm_1 = add i12 %zext_ln45, i12 %aux_perm_load" [chls/sub_modules.cpp:45]   --->   Operation 24 'add' 'aux_perm_1' <Predicate = (!icmp_ln43)> <Delay = 0.80> <CoreInst = "Adder">   --->   Core 1 'Adder' <Latency = 0> <II = 1> <Delay = 0.80> <FuncUnit> <Opcode : 'add' 'sub'> <InPorts = 2> <OutPorts = 1>
ST_1 : Operation 25 [1/1] (0.42ns)   --->   "%store_ln43 = store i5 %i_4, i5 %i" [chls/sub_modules.cpp:43]   --->   Operation 25 'store' 'store_ln43' <Predicate = (!icmp_ln43)> <Delay = 0.42>
ST_1 : Operation 26 [1/1] (0.42ns)   --->   "%store_ln43 = store i12 %aux_perm_1, i12 %aux_perm" [chls/sub_modules.cpp:43]   --->   Operation 26 'store' 'store_ln43' <Predicate = (!icmp_ln43)> <Delay = 0.42>
ST_1 : Operation 27 [1/1] (0.00ns)   --->   "%br_ln43 = br void %for.inc" [chls/sub_modules.cpp:43]   --->   Operation 27 'br' 'br_ln43' <Predicate = (!icmp_ln43)> <Delay = 0.00>
ST_1 : Operation 28 [1/1] (0.00ns)   --->   "%aux_perm_load_1 = load i12 %aux_perm"   --->   Operation 28 'load' 'aux_perm_load_1' <Predicate = (icmp_ln43)> <Delay = 0.00>
ST_1 : Operation 29 [1/1] (0.00ns)   --->   "%write_ln0 = write void @_ssdm_op_Write.ap_auto.i12P0A, i12 %aux_perm_out, i12 %aux_perm_load_1"   --->   Operation 29 'write' 'write_ln0' <Predicate = (icmp_ln43)> <Delay = 0.00>
ST_1 : Operation 30 [1/1] (0.00ns)   --->   "%ret_ln0 = ret"   --->   Operation 30 'ret' 'ret_ln0' <Predicate = (icmp_ln43)> <Delay = 0.00>


============================================================
+ Verbose Summary: Timing violations
============================================================
Target clock period: 11.000ns, clock uncertainty: 2.970ns.

 <State 1>: 2.769ns
The critical path consists of the following:
	'alloca' operation ('i') [4]  (0.000 ns)
	'load' operation ('i', chls/sub_modules.cpp:44) on local variable 'i' [10]  (0.000 ns)
	'lshr' operation ('lshr_ln44', chls/sub_modules.cpp:44) [22]  (1.533 ns)
	'add' operation ('aux_perm', chls/sub_modules.cpp:45) [25]  (0.809 ns)
	'store' operation ('store_ln43', chls/sub_modules.cpp:43) of variable 'aux_perm', chls/sub_modules.cpp:45 on local variable 'aux_perm' [27]  (0.427 ns)


============================================================
+ Verbose Summary: Binding
============================================================
N/A
* FSMD analyzer results:
  - Output states:
 - Input state : 
  - Chain level:
	State 1


============================================================
+ Verbose Summary: Datapath Resource usage 
============================================================
N/A
