/home/arthur/MapaLogistico/chls/chls/solution1/.autopilot/db/top_module.pp.0.cpp:1543:7: warning: Added loop label VITIS_LOOP_1213_1:   [xilinx-label-all-loops]
      for (i = 0; i < __N - 1; ++i) {
      ^~~
      VITIS_LOOP_1213_1: 
/home/arthur/MapaLogistico/chls/chls/solution1/.autopilot/db/top_module.pp.0.cpp:1543:7: note: FIX-IT applied suggested code changes
/home/arthur/MapaLogistico/chls/chls/solution1/.autopilot/db/top_module.pp.0.cpp:2517:5: warning: Added loop label VITIS_LOOP_676_1:   [xilinx-label-all-loops]
    for (unsigned i = low; i != high; ++i) {
    ^~~
    VITIS_LOOP_676_1: 
/home/arthur/MapaLogistico/chls/chls/solution1/.autopilot/db/top_module.pp.0.cpp:2517:5: note: FIX-IT applied suggested code changes
/home/arthur/MapaLogistico/chls/chls/solution1/.autopilot/db/top_module.pp.0.cpp:2531:5: warning: Added loop label VITIS_LOOP_690_1:   [xilinx-label-all-loops]
    for (unsigned i = low; i != high; ++i) {
    ^~~
    VITIS_LOOP_690_1: 
/home/arthur/MapaLogistico/chls/chls/solution1/.autopilot/db/top_module.pp.0.cpp:2531:5: note: FIX-IT applied suggested code changes
/home/arthur/MapaLogistico/chls/chls/solution1/.autopilot/db/top_module.pp.0.cpp:2545:5: warning: Added loop label VITIS_LOOP_704_1:   [xilinx-label-all-loops]
    for (unsigned i = low; i != high; ++i) {
    ^~~
    VITIS_LOOP_704_1: 
/home/arthur/MapaLogistico/chls/chls/solution1/.autopilot/db/top_module.pp.0.cpp:2545:5: note: FIX-IT applied suggested code changes
/home/arthur/MapaLogistico/chls/chls/solution1/.autopilot/db/top_module.pp.0.cpp:4156:7: warning: Added loop label VITIS_LOOP_1247_1:   [xilinx-label-all-loops]
      for (i = 0; i < __N - 1; ++i) {
      ^~~
      VITIS_LOOP_1247_1: 
/home/arthur/MapaLogistico/chls/chls/solution1/.autopilot/db/top_module.pp.0.cpp:4156:7: note: FIX-IT applied suggested code changes
/home/arthur/MapaLogistico/chls/chls/solution1/.autopilot/db/top_module.pp.0.cpp:47189:17: warning: Added loop label VITIS_LOOP_116_1:   [xilinx-label-all-loops]
                do { if ((0)) printf("DEBUG: M[%d] =\t%08x (32bx16)\n", i, b0.M[i]); } while (0);
                ^~
                VITIS_LOOP_116_1: 
/home/arthur/MapaLogistico/chls/chls/solution1/.autopilot/db/top_module.pp.0.cpp:47189:17: note: FIX-IT applied suggested code changes
/home/arthur/MapaLogistico/chls/chls/solution1/.autopilot/db/top_module.pp.0.cpp:47193:13: warning: Added loop label VITIS_LOOP_120_2:   [xilinx-label-all-loops]
            do { if ((0)) printf("DEBUG: block sent\n"); } while (0);
            ^~
            VITIS_LOOP_120_2: 
/home/arthur/MapaLogistico/chls/chls/solution1/.autopilot/db/top_module.pp.0.cpp:47193:13: note: FIX-IT applied suggested code changes
/home/arthur/MapaLogistico/chls/chls/solution1/.autopilot/db/top_module.pp.0.cpp:47200:9: warning: Added loop label VITIS_LOOP_127_3:   [xilinx-label-all-loops]
        do { if ((0)) printf("DEBUG: sent = %d, left = %d\n", int(len & (-1ULL ^ 0x3fULL)), (int)left); } while (0);
        ^~
        VITIS_LOOP_127_3: 
/home/arthur/MapaLogistico/chls/chls/solution1/.autopilot/db/top_module.pp.0.cpp:47200:9: note: FIX-IT applied suggested code changes
/home/arthur/MapaLogistico/chls/chls/solution1/.autopilot/db/top_module.pp.0.cpp:47210:13: warning: Added loop label VITIS_LOOP_137_4:   [xilinx-label-all-loops]
            do { if ((0)) printf("DEBUG: M[0] =\t%08x (pad 1)\n", b.M[0]); } while (0);
            ^~
            VITIS_LOOP_137_4: 
/home/arthur/MapaLogistico/chls/chls/solution1/.autopilot/db/top_module.pp.0.cpp:47210:13: note: FIX-IT applied suggested code changes
/home/arthur/MapaLogistico/chls/chls/solution1/.autopilot/db/top_module.pp.0.cpp:47216:17: warning: Added loop label VITIS_LOOP_143_5:   [xilinx-label-all-loops]
                do { if ((0)) printf("DEBUG: M[%d] =\t%08x (zero)\n", i, b.M[i]); } while (0);
                ^~
                VITIS_LOOP_143_5: 
/home/arthur/MapaLogistico/chls/chls/solution1/.autopilot/db/top_module.pp.0.cpp:47216:17: note: FIX-IT applied suggested code changes
/home/arthur/MapaLogistico/chls/chls/solution1/.autopilot/db/top_module.pp.0.cpp:47221:13: warning: Added loop label VITIS_LOOP_148_6:   [xilinx-label-all-loops]
            do { if ((0)) printf("DEBUG: M[%d] =\t%08x (append L)\n", 14, b.M[14]); } while (0);
            ^~
            VITIS_LOOP_148_6: 
/home/arthur/MapaLogistico/chls/chls/solution1/.autopilot/db/top_module.pp.0.cpp:47221:13: note: FIX-IT applied suggested code changes
/home/arthur/MapaLogistico/chls/chls/solution1/.autopilot/db/top_module.pp.0.cpp:47222:13: warning: Added loop label VITIS_LOOP_149_7:   [xilinx-label-all-loops]
            do { if ((0)) printf("DEBUG: M[%d] =\t%08x (append L)\n", 15, b.M[15]); } while (0);
            ^~
            VITIS_LOOP_149_7: 
/home/arthur/MapaLogistico/chls/chls/solution1/.autopilot/db/top_module.pp.0.cpp:47222:13: note: FIX-IT applied suggested code changes
/home/arthur/MapaLogistico/chls/chls/solution1/.autopilot/db/top_module.pp.0.cpp:47242:21: warning: Added loop label VITIS_LOOP_169_8:   [xilinx-label-all-loops]
                    do { if ((0)) printf("DEBUG: M[%d] =\t%08x (32b)\n", i, b.M[i]); } while (0);
                    ^~
                    VITIS_LOOP_169_8: 
/home/arthur/MapaLogistico/chls/chls/solution1/.autopilot/db/top_module.pp.0.cpp:47242:21: note: FIX-IT applied suggested code changes
/home/arthur/MapaLogistico/chls/chls/solution1/.autopilot/db/top_module.pp.0.cpp:47267:21: warning: Added loop label VITIS_LOOP_194_9:   [xilinx-label-all-loops]
                    do { if ((0)) printf("DEBUG: M[%d] =\t%08x (pad 1)\n", i, b.M[i]); } while (0);
                    ^~
                    VITIS_LOOP_194_9: 
/home/arthur/MapaLogistico/chls/chls/solution1/.autopilot/db/top_module.pp.0.cpp:47267:21: note: FIX-IT applied suggested code changes
/home/arthur/MapaLogistico/chls/chls/solution1/.autopilot/db/top_module.pp.0.cpp:47273:13: warning: Added loop label VITIS_LOOP_200_10:   [xilinx-label-all-loops]
            do { if ((0)) printf("DEBUG: M[%d] =\t%08x (append L)\n", 14, b.M[14]); } while (0);
            ^~
            VITIS_LOOP_200_10: 
/home/arthur/MapaLogistico/chls/chls/solution1/.autopilot/db/top_module.pp.0.cpp:47273:13: note: FIX-IT applied suggested code changes
/home/arthur/MapaLogistico/chls/chls/solution1/.autopilot/db/top_module.pp.0.cpp:47274:13: warning: Added loop label VITIS_LOOP_201_11:   [xilinx-label-all-loops]
            do { if ((0)) printf("DEBUG: M[%d] =\t%08x (append L)\n", 15, b.M[15]); } while (0);
            ^~
            VITIS_LOOP_201_11: 
/home/arthur/MapaLogistico/chls/chls/solution1/.autopilot/db/top_module.pp.0.cpp:47274:13: note: FIX-IT applied suggested code changes
/home/arthur/MapaLogistico/chls/chls/solution1/.autopilot/db/top_module.pp.0.cpp:47277:13: warning: Added loop label VITIS_LOOP_204_12:   [xilinx-label-all-loops]
            do { if ((0)) printf("DEBUG: block sent\n"); } while (0);
            ^~
            VITIS_LOOP_204_12: 
/home/arthur/MapaLogistico/chls/chls/solution1/.autopilot/db/top_module.pp.0.cpp:47277:13: note: FIX-IT applied suggested code changes
/home/arthur/MapaLogistico/chls/chls/solution1/.autopilot/db/top_module.pp.0.cpp:47295:21: warning: Added loop label VITIS_LOOP_222_13:   [xilinx-label-all-loops]
                    do { if ((0)) printf("DEBUG: M[%d] =\t%08x (32b)\n", i, b.M[i]); } while (0);
                    ^~
                    VITIS_LOOP_222_13: 
/home/arthur/MapaLogistico/chls/chls/solution1/.autopilot/db/top_module.pp.0.cpp:47295:21: note: FIX-IT applied suggested code changes
/home/arthur/MapaLogistico/chls/chls/solution1/.autopilot/db/top_module.pp.0.cpp:47320:21: warning: Added loop label VITIS_LOOP_247_14:   [xilinx-label-all-loops]
                    do { if ((0)) printf("DEBUG: M[%d] =\t%08x (pad 1)\n", i, b.M[i]); } while (0);
                    ^~
                    VITIS_LOOP_247_14: 
/home/arthur/MapaLogistico/chls/chls/solution1/.autopilot/db/top_module.pp.0.cpp:47320:21: note: FIX-IT applied suggested code changes
/home/arthur/MapaLogistico/chls/chls/solution1/.autopilot/db/top_module.pp.0.cpp:47324:13: warning: Added loop label VITIS_LOOP_251_15:   [xilinx-label-all-loops]
            do { if ((0)) printf("DEBUG: block sent\n"); } while (0);
            ^~
            VITIS_LOOP_251_15: 
/home/arthur/MapaLogistico/chls/chls/solution1/.autopilot/db/top_module.pp.0.cpp:47324:13: note: FIX-IT applied suggested code changes
/home/arthur/MapaLogistico/chls/chls/solution1/.autopilot/db/top_module.pp.0.cpp:47333:17: warning: Added loop label VITIS_LOOP_260_16:   [xilinx-label-all-loops]
                do { if ((0)) printf("DEBUG: M[%d] =\t%08x (zero)\n", i, b1.M[i]); } while (0);
                ^~
                VITIS_LOOP_260_16: 
/home/arthur/MapaLogistico/chls/chls/solution1/.autopilot/db/top_module.pp.0.cpp:47333:17: note: FIX-IT applied suggested code changes
/home/arthur/MapaLogistico/chls/chls/solution1/.autopilot/db/top_module.pp.0.cpp:47338:13: warning: Added loop label VITIS_LOOP_265_17:   [xilinx-label-all-loops]
            do { if ((0)) printf("DEBUG: M[%d] =\t%08x (append L)\n", 14, b1.M[14]); } while (0);
            ^~
            VITIS_LOOP_265_17: 
/home/arthur/MapaLogistico/chls/chls/solution1/.autopilot/db/top_module.pp.0.cpp:47338:13: note: FIX-IT applied suggested code changes
/home/arthur/MapaLogistico/chls/chls/solution1/.autopilot/db/top_module.pp.0.cpp:47339:13: warning: Added loop label VITIS_LOOP_266_18:   [xilinx-label-all-loops]
            do { if ((0)) printf("DEBUG: M[%d] =\t%08x (append L)\n", 15, b1.M[15]); } while (0);
            ^~
            VITIS_LOOP_266_18: 
/home/arthur/MapaLogistico/chls/chls/solution1/.autopilot/db/top_module.pp.0.cpp:47339:13: note: FIX-IT applied suggested code changes
/home/arthur/MapaLogistico/chls/chls/solution1/.autopilot/db/top_module.pp.0.cpp:47342:13: warning: Added loop label VITIS_LOOP_269_19:   [xilinx-label-all-loops]
            do { if ((0)) printf("DEBUG: block sent\n"); } while (0);
            ^~
            VITIS_LOOP_269_19: 
/home/arthur/MapaLogistico/chls/chls/solution1/.autopilot/db/top_module.pp.0.cpp:47342:13: note: FIX-IT applied suggested code changes
/home/arthur/MapaLogistico/chls/chls/solution1/.autopilot/db/top_module.pp.0.cpp:47359:9: warning: Added loop label VITIS_LOOP_295_1:   [xilinx-label-all-loops]
        do { if ((0)) printf("DEBUG: working on a new message of %ld bytes\n", len); } while (0);
        ^~
        VITIS_LOOP_295_1: 
/home/arthur/MapaLogistico/chls/chls/solution1/.autopilot/db/top_module.pp.0.cpp:47359:9: note: FIX-IT applied suggested code changes
/home/arthur/MapaLogistico/chls/chls/solution1/.autopilot/db/top_module.pp.0.cpp:47387:17: warning: Added loop label VITIS_LOOP_323_2:   [xilinx-label-all-loops]
                do { if ((0)) printf("DEBUG: M[%d] =\t%08x (64bx8 low)\n", i, b0.M[i]); } while (0);
                ^~
                VITIS_LOOP_323_2: 
/home/arthur/MapaLogistico/chls/chls/solution1/.autopilot/db/top_module.pp.0.cpp:47387:17: note: FIX-IT applied suggested code changes
/home/arthur/MapaLogistico/chls/chls/solution1/.autopilot/db/top_module.pp.0.cpp:47394:17: warning: Added loop label VITIS_LOOP_330_3:   [xilinx-label-all-loops]
                do { if ((0)) printf("DEBUG: M[%d] =\t%08x (64bx8 high)\n", i, b0.M[i]); } while (0);
                ^~
                VITIS_LOOP_330_3: 
/home/arthur/MapaLogistico/chls/chls/solution1/.autopilot/db/top_module.pp.0.cpp:47394:17: note: FIX-IT applied suggested code changes
/home/arthur/MapaLogistico/chls/chls/solution1/.autopilot/db/top_module.pp.0.cpp:47398:13: warning: Added loop label VITIS_LOOP_334_4:   [xilinx-label-all-loops]
            do { if ((0)) printf("DEBUG: block sent\n"); } while (0);
            ^~
            VITIS_LOOP_334_4: 
/home/arthur/MapaLogistico/chls/chls/solution1/.autopilot/db/top_module.pp.0.cpp:47398:13: note: FIX-IT applied suggested code changes
/home/arthur/MapaLogistico/chls/chls/solution1/.autopilot/db/top_module.pp.0.cpp:47405:9: warning: Added loop label VITIS_LOOP_341_5:   [xilinx-label-all-loops]
        do { if ((0)) printf("DEBUG: sent = %d, left = %d\n", int(len & (-1ULL ^ 0x3fULL)), (int)left); } while (0);
        ^~
        VITIS_LOOP_341_5: 
/home/arthur/MapaLogistico/chls/chls/solution1/.autopilot/db/top_module.pp.0.cpp:47405:9: note: FIX-IT applied suggested code changes
/home/arthur/MapaLogistico/chls/chls/solution1/.autopilot/db/top_module.pp.0.cpp:47415:13: warning: Added loop label VITIS_LOOP_351_6:   [xilinx-label-all-loops]
            do { if ((0)) printf("DEBUG: M[0] =\t%08x (pad 1)\n", b.M[0]); } while (0);
            ^~
            VITIS_LOOP_351_6: 
/home/arthur/MapaLogistico/chls/chls/solution1/.autopilot/db/top_module.pp.0.cpp:47415:13: note: FIX-IT applied suggested code changes
/home/arthur/MapaLogistico/chls/chls/solution1/.autopilot/db/top_module.pp.0.cpp:47421:17: warning: Added loop label VITIS_LOOP_357_7:   [xilinx-label-all-loops]
                do { if ((0)) printf("DEBUG: M[%d] =\t%08x (zero)\n", i, b.M[i]); } while (0);
                ^~
                VITIS_LOOP_357_7: 
/home/arthur/MapaLogistico/chls/chls/solution1/.autopilot/db/top_module.pp.0.cpp:47421:17: note: FIX-IT applied suggested code changes
/home/arthur/MapaLogistico/chls/chls/solution1/.autopilot/db/top_module.pp.0.cpp:47426:13: warning: Added loop label VITIS_LOOP_362_8:   [xilinx-label-all-loops]
            do { if ((0)) printf("DEBUG: M[%d] =\t%08x (append L)\n", 14, b.M[14]); } while (0);
            ^~
            VITIS_LOOP_362_8: 
/home/arthur/MapaLogistico/chls/chls/solution1/.autopilot/db/top_module.pp.0.cpp:47426:13: note: FIX-IT applied suggested code changes
/home/arthur/MapaLogistico/chls/chls/solution1/.autopilot/db/top_module.pp.0.cpp:47427:13: warning: Added loop label VITIS_LOOP_363_9:   [xilinx-label-all-loops]
            do { if ((0)) printf("DEBUG: M[%d] =\t%08x (append L)\n", 15, b.M[15]); } while (0);
            ^~
            VITIS_LOOP_363_9: 
/home/arthur/MapaLogistico/chls/chls/solution1/.autopilot/db/top_module.pp.0.cpp:47427:13: note: FIX-IT applied suggested code changes
/home/arthur/MapaLogistico/chls/chls/solution1/.autopilot/db/top_module.pp.0.cpp:47430:13: warning: Added loop label VITIS_LOOP_366_10:   [xilinx-label-all-loops]
            do { if ((0)) printf("DEBUG: block sent\n"); } while (0);
            ^~
            VITIS_LOOP_366_10: 
/home/arthur/MapaLogistico/chls/chls/solution1/.autopilot/db/top_module.pp.0.cpp:47430:13: note: FIX-IT applied suggested code changes
/home/arthur/MapaLogistico/chls/chls/solution1/.autopilot/db/top_module.pp.0.cpp:47450:21: warning: Added loop label VITIS_LOOP_386_11:   [xilinx-label-all-loops]
                    do { if ((0)) printf("DEBUG: M[%d] =\t%08x (64b low)\n", i * 2, b.M[i * 2]); } while (0);
                    ^~
                    VITIS_LOOP_386_11: 
/home/arthur/MapaLogistico/chls/chls/solution1/.autopilot/db/top_module.pp.0.cpp:47450:21: note: FIX-IT applied suggested code changes
/home/arthur/MapaLogistico/chls/chls/solution1/.autopilot/db/top_module.pp.0.cpp:47457:21: warning: Added loop label VITIS_LOOP_393_12:   [xilinx-label-all-loops]
                    do { if ((0)) printf("DEBUG: M[%d] =\t%08x (64b high)\n", i * 2 + 1, b.M[i * 2 + 1]); } while (0);
                    ^~
                    VITIS_LOOP_393_12: 
/home/arthur/MapaLogistico/chls/chls/solution1/.autopilot/db/top_module.pp.0.cpp:47457:21: note: FIX-IT applied suggested code changes
/home/arthur/MapaLogistico/chls/chls/solution1/.autopilot/db/top_module.pp.0.cpp:47461:21: warning: Added loop label VITIS_LOOP_397_13:   [xilinx-label-all-loops]
                    do { if ((0)) printf("DEBUG: M[%d] =\t%08x (zero)\n", i * 2, b.M[i * 2]); } while (0);
                    ^~
                    VITIS_LOOP_397_13: 
/home/arthur/MapaLogistico/chls/chls/solution1/.autopilot/db/top_module.pp.0.cpp:47461:21: note: FIX-IT applied suggested code changes
/home/arthur/MapaLogistico/chls/chls/solution1/.autopilot/db/top_module.pp.0.cpp:47463:21: warning: Added loop label VITIS_LOOP_399_14:   [xilinx-label-all-loops]
                    do { if ((0)) printf("DEBUG: M[%d] =\t%08x (zero)\n", i * 2 + 1, b.M[i * 2 + 1]); } while (0);
                    ^~
                    VITIS_LOOP_399_14: 
/home/arthur/MapaLogistico/chls/chls/solution1/.autopilot/db/top_module.pp.0.cpp:47463:21: note: FIX-IT applied suggested code changes
/home/arthur/MapaLogistico/chls/chls/solution1/.autopilot/db/top_module.pp.0.cpp:47487:25: warning: Added loop label VITIS_LOOP_423_15:   [xilinx-label-all-loops]
                        do { if ((0)) printf("DEBUG: M[%d] =\t%08x (pad 1)\n", i * 2, b.M[i * 2]); } while (0);
                        ^~
                        VITIS_LOOP_423_15: 
/home/arthur/MapaLogistico/chls/chls/solution1/.autopilot/db/top_module.pp.0.cpp:47487:25: note: FIX-IT applied suggested code changes
/home/arthur/MapaLogistico/chls/chls/solution1/.autopilot/db/top_module.pp.0.cpp:47490:25: warning: Added loop label VITIS_LOOP_426_16:   [xilinx-label-all-loops]
                        do { if ((0)) printf("DEBUG: M[%d] =\t%08x (zero)\n", i * 2 + 1, b.M[i * 2 + 1]); } while (0);
                        ^~
                        VITIS_LOOP_426_16: 
/home/arthur/MapaLogistico/chls/chls/solution1/.autopilot/db/top_module.pp.0.cpp:47490:25: note: FIX-IT applied suggested code changes
/home/arthur/MapaLogistico/chls/chls/solution1/.autopilot/db/top_module.pp.0.cpp:47500:25: warning: Added loop label VITIS_LOOP_436_17:   [xilinx-label-all-loops]
                        do { if ((0)) printf("DEBUG: M[%d] =\t%08x (64b low)\n", i, b.M[i * 2]); } while (0);
                        ^~
                        VITIS_LOOP_436_17: 
/home/arthur/MapaLogistico/chls/chls/solution1/.autopilot/db/top_module.pp.0.cpp:47500:25: note: FIX-IT applied suggested code changes
/home/arthur/MapaLogistico/chls/chls/solution1/.autopilot/db/top_module.pp.0.cpp:47519:25: warning: Added loop label VITIS_LOOP_455_18:   [xilinx-label-all-loops]
                        do { if ((0)) printf("DEBUG: M[%d] =\t%08x (pad 1)\n", i * 2 + 1, b.M[i * 2 + 1]); } while (0);
                        ^~
                        VITIS_LOOP_455_18: 
/home/arthur/MapaLogistico/chls/chls/solution1/.autopilot/db/top_module.pp.0.cpp:47519:25: note: FIX-IT applied suggested code changes
/home/arthur/MapaLogistico/chls/chls/solution1/.autopilot/db/top_module.pp.0.cpp:47528:17: warning: Added loop label VITIS_LOOP_464_19:   [xilinx-label-all-loops]
                do { if ((0)) printf("DEBUG: M[%d] =\t%08x (append L)\n", 14, b.M[14]); } while (0);
                ^~
                VITIS_LOOP_464_19: 
/home/arthur/MapaLogistico/chls/chls/solution1/.autopilot/db/top_module.pp.0.cpp:47528:17: note: FIX-IT applied suggested code changes
/home/arthur/MapaLogistico/chls/chls/solution1/.autopilot/db/top_module.pp.0.cpp:47529:17: warning: Added loop label VITIS_LOOP_465_20:   [xilinx-label-all-loops]
                do { if ((0)) printf("DEBUG: M[%d] =\t%08x (append L)\n", 15, b.M[15]); } while (0);
                ^~
                VITIS_LOOP_465_20: 
/home/arthur/MapaLogistico/chls/chls/solution1/.autopilot/db/top_module.pp.0.cpp:47529:17: note: FIX-IT applied suggested code changes
/home/arthur/MapaLogistico/chls/chls/solution1/.autopilot/db/top_module.pp.0.cpp:47532:17: warning: Added loop label VITIS_LOOP_468_21:   [xilinx-label-all-loops]
                do { if ((0)) printf("DEBUG: block sent\n"); } while (0);
                ^~
                VITIS_LOOP_468_21: 
/home/arthur/MapaLogistico/chls/chls/solution1/.autopilot/db/top_module.pp.0.cpp:47532:17: note: FIX-IT applied suggested code changes
/home/arthur/MapaLogistico/chls/chls/solution1/.autopilot/db/top_module.pp.0.cpp:47536:17: warning: Added loop label VITIS_LOOP_472_22:   [xilinx-label-all-loops]
                do { if ((0)) printf("DEBUG: block sent\n"); } while (0);
                ^~
                VITIS_LOOP_472_22: 
/home/arthur/MapaLogistico/chls/chls/solution1/.autopilot/db/top_module.pp.0.cpp:47536:17: note: FIX-IT applied suggested code changes
/home/arthur/MapaLogistico/chls/chls/solution1/.autopilot/db/top_module.pp.0.cpp:47545:21: warning: Added loop label VITIS_LOOP_481_23:   [xilinx-label-all-loops]
                    do { if ((0)) printf("DEBUG: M[%d] =\t%08x (zero)\n", i, b1.M[i]); } while (0);
                    ^~
                    VITIS_LOOP_481_23: 
/home/arthur/MapaLogistico/chls/chls/solution1/.autopilot/db/top_module.pp.0.cpp:47545:21: note: FIX-IT applied suggested code changes
/home/arthur/MapaLogistico/chls/chls/solution1/.autopilot/db/top_module.pp.0.cpp:47550:17: warning: Added loop label VITIS_LOOP_486_24:   [xilinx-label-all-loops]
                do { if ((0)) printf("DEBUG: M[%d] =\t%08x (append L)\n", 14, b1.M[14]); } while (0);
                ^~
                VITIS_LOOP_486_24: 
/home/arthur/MapaLogistico/chls/chls/solution1/.autopilot/db/top_module.pp.0.cpp:47550:17: note: FIX-IT applied suggested code changes
/home/arthur/MapaLogistico/chls/chls/solution1/.autopilot/db/top_module.pp.0.cpp:47551:17: warning: Added loop label VITIS_LOOP_487_25:   [xilinx-label-all-loops]
                do { if ((0)) printf("DEBUG: M[%d] =\t%08x (append L)\n", 15, b1.M[15]); } while (0);
                ^~
                VITIS_LOOP_487_25: 
/home/arthur/MapaLogistico/chls/chls/solution1/.autopilot/db/top_module.pp.0.cpp:47551:17: note: FIX-IT applied suggested code changes
/home/arthur/MapaLogistico/chls/chls/solution1/.autopilot/db/top_module.pp.0.cpp:47554:17: warning: Added loop label VITIS_LOOP_490_26:   [xilinx-label-all-loops]
                do { if ((0)) printf("DEBUG: block sent\n"); } while (0);
                ^~
                VITIS_LOOP_490_26: 
/home/arthur/MapaLogistico/chls/chls/solution1/.autopilot/db/top_module.pp.0.cpp:47554:17: note: FIX-IT applied suggested code changes
/home/arthur/MapaLogistico/chls/chls/solution1/.autopilot/db/top_module.pp.0.cpp:47570:5: warning: Added loop label VITIS_LOOP_506_1:   [xilinx-label-all-loops]
    while (!e) {
    ^~~~~
    VITIS_LOOP_506_1: 
/home/arthur/MapaLogistico/chls/chls/solution1/.autopilot/db/top_module.pp.0.cpp:47570:5: note: FIX-IT applied suggested code changes
/home/arthur/MapaLogistico/chls/chls/solution1/.autopilot/db/top_module.pp.0.cpp:47592:5: warning: Added loop label VITIS_LOOP_528_1:   [xilinx-label-all-loops]
    while (!e) {
    ^~~~~
    VITIS_LOOP_528_1: 
/home/arthur/MapaLogistico/chls/chls/solution1/.autopilot/db/top_module.pp.0.cpp:47592:5: note: FIX-IT applied suggested code changes
/home/arthur/MapaLogistico/chls/chls/solution1/.autopilot/db/top_module.pp.0.cpp:47594:9: warning: Added loop label VITIS_LOOP_530_2:   [xilinx-label-all-loops]
        for (uint64_t i = 0; i < n; ++i) {
        ^~~
        VITIS_LOOP_530_2: 
/home/arthur/MapaLogistico/chls/chls/solution1/.autopilot/db/top_module.pp.0.cpp:47594:9: note: FIX-IT applied suggested code changes
/home/arthur/MapaLogistico/chls/chls/solution1/.autopilot/db/top_module.pp.0.cpp:47618:17: warning: Added loop label VITIS_LOOP_554_3:   [xilinx-label-all-loops]
                for (unsigned char j = 0; j < 15; ++j) {
                ^~~
                VITIS_LOOP_554_3: 
/home/arthur/MapaLogistico/chls/chls/solution1/.autopilot/db/top_module.pp.0.cpp:47618:17: note: FIX-IT applied suggested code changes
/home/arthur/MapaLogistico/chls/chls/solution1/.autopilot/db/top_module.pp.0.cpp:47657:5: warning: Added loop label VITIS_LOOP_593_1:   [xilinx-label-all-loops]
    do { if ((0)) printf("DEBUG: Kt=%08x, Wt=%08x\n" "\ta=%08x, b=%08x, c=%08x, d=%08x\n" "\te=%08x, f=%08x, g=%08x, h=%08x\n", Kt, Wt, a, b, c, d, e, f, g, h); } while (0);
    ^~
    VITIS_LOOP_593_1: 
/home/arthur/MapaLogistico/chls/chls/solution1/.autopilot/db/top_module.pp.0.cpp:47657:5: note: FIX-IT applied suggested code changes
/home/arthur/MapaLogistico/chls/chls/solution1/.autopilot/db/top_module.pp.0.cpp:47812:9: error: Resource with core_name: FIFO_LUTRAM pragma is ignored, because this core doesn't exist at all  [clang-diagnostic-error]
#pragma HLS RESOURCE variable = blk_strm core = FIFO_LUTRAM
        ^
/home/arthur/MapaLogistico/chls/chls/solution1/.autopilot/db/top_module.pp.0.cpp:47816:9: error: Resource with core_name: FIFO_LUTRAM pragma is ignored, because this core doesn't exist at all  [clang-diagnostic-error]
#pragma HLS RESOURCE variable = nblk_strm core = FIFO_LUTRAM
        ^
/home/arthur/MapaLogistico/chls/chls/solution1/.autopilot/db/top_module.pp.0.cpp:47819:9: error: Resource with core_name: FIFO_LUTRAM pragma is ignored, because this core doesn't exist at all  [clang-diagnostic-error]
#pragma HLS RESOURCE variable = nblk_strm1 core = FIFO_LUTRAM
        ^
/home/arthur/MapaLogistico/chls/chls/solution1/.autopilot/db/top_module.pp.0.cpp:47822:9: error: Resource with core_name: FIFO_LUTRAM pragma is ignored, because this core doesn't exist at all  [clang-diagnostic-error]
#pragma HLS RESOURCE variable = nblk_strm2 core = FIFO_LUTRAM
        ^
/home/arthur/MapaLogistico/chls/chls/solution1/.autopilot/db/top_module.pp.0.cpp:47827:9: error: Resource with core_name: FIFO_LUTRAM pragma is ignored, because this core doesn't exist at all  [clang-diagnostic-error]
#pragma HLS RESOURCE variable = end_nblk_strm core = FIFO_LUTRAM
        ^
/home/arthur/MapaLogistico/chls/chls/solution1/.autopilot/db/top_module.pp.0.cpp:47830:9: error: Resource with core_name: FIFO_LUTRAM pragma is ignored, because this core doesn't exist at all  [clang-diagnostic-error]
#pragma HLS RESOURCE variable = end_nblk_strm1 core = FIFO_LUTRAM
        ^
/home/arthur/MapaLogistico/chls/chls/solution1/.autopilot/db/top_module.pp.0.cpp:47833:9: error: Resource with core_name: FIFO_LUTRAM pragma is ignored, because this core doesn't exist at all  [clang-diagnostic-error]
#pragma HLS RESOURCE variable = end_nblk_strm2 core = FIFO_LUTRAM
        ^
/home/arthur/MapaLogistico/chls/chls/solution1/.autopilot/db/top_module.pp.0.cpp:47838:9: error: Resource with core_name: FIFO_LUTRAM pragma is ignored, because this core doesn't exist at all  [clang-diagnostic-error]
#pragma HLS RESOURCE variable = w_strm core = FIFO_LUTRAM
        ^
/home/arthur/MapaLogistico/chls/chls/solution1/.autopilot/db/top_module.pp.0.cpp:57199:72: error: Invalid Directive: for current device, ROM_1P + LUTRAM is invalid combination for BIND_STORAGE's option 'type + impl' [clang-diagnostic-error]
#pragma HLS BIND_STORAGE variable=fourth_order_double::sin_cos_K0 type=ROM_1P impl=LUTRAM
                                                                       ^
/home/arthur/MapaLogistico/chls/chls/solution1/.autopilot/db/top_module.pp.0.cpp:57200:72: error: Invalid Directive: for current device, ROM_1P + LUTRAM is invalid combination for BIND_STORAGE's option 'type + impl' [clang-diagnostic-error]
#pragma HLS BIND_STORAGE variable=fourth_order_double::sin_cos_K1 type=ROM_1P impl=LUTRAM
                                                                       ^
/home/arthur/MapaLogistico/chls/chls/solution1/.autopilot/db/top_module.pp.0.cpp:57201:72: error: Invalid Directive: for current device, ROM_1P + LUTRAM is invalid combination for BIND_STORAGE's option 'type + impl' [clang-diagnostic-error]
#pragma HLS BIND_STORAGE variable=fourth_order_double::sin_cos_K2 type=ROM_1P impl=LUTRAM
                                                                       ^
/home/arthur/MapaLogistico/chls/chls/solution1/.autopilot/db/top_module.pp.0.cpp:57202:72: error: Invalid Directive: for current device, ROM_1P + LUTRAM is invalid combination for BIND_STORAGE's option 'type + impl' [clang-diagnostic-error]
#pragma HLS BIND_STORAGE variable=fourth_order_double::sin_cos_K3 type=ROM_1P impl=LUTRAM
                                                                       ^
/home/arthur/MapaLogistico/chls/chls/solution1/.autopilot/db/top_module.pp.0.cpp:57203:72: error: Invalid Directive: for current device, ROM_1P + LUTRAM is invalid combination for BIND_STORAGE's option 'type + impl' [clang-diagnostic-error]
#pragma HLS BIND_STORAGE variable=fourth_order_double::sin_cos_K4 type=ROM_1P impl=LUTRAM
                                                                       ^
/home/arthur/MapaLogistico/chls/chls/solution1/.autopilot/db/top_module.pp.0.cpp:57233:68: error: Invalid Directive: for current device, ROM_1P + LUTRAM is invalid combination for BIND_STORAGE's option 'type + impl' [clang-diagnostic-error]
#pragma HLS BIND_STORAGE variable=fourth_order_double::cos_K0 type=ROM_1P impl=LUTRAM
                                                                   ^
/home/arthur/MapaLogistico/chls/chls/solution1/.autopilot/db/top_module.pp.0.cpp:57234:68: error: Invalid Directive: for current device, ROM_1P + LUTRAM is invalid combination for BIND_STORAGE's option 'type + impl' [clang-diagnostic-error]
#pragma HLS BIND_STORAGE variable=fourth_order_double::cos_K1 type=ROM_1P impl=LUTRAM
                                                                   ^
/home/arthur/MapaLogistico/chls/chls/solution1/.autopilot/db/top_module.pp.0.cpp:57235:68: error: Invalid Directive: for current device, ROM_1P + LUTRAM is invalid combination for BIND_STORAGE's option 'type + impl' [clang-diagnostic-error]
#pragma HLS BIND_STORAGE variable=fourth_order_double::cos_K2 type=ROM_1P impl=LUTRAM
                                                                   ^
/home/arthur/MapaLogistico/chls/chls/solution1/.autopilot/db/top_module.pp.0.cpp:57236:68: error: Invalid Directive: for current device, ROM_1P + LUTRAM is invalid combination for BIND_STORAGE's option 'type + impl' [clang-diagnostic-error]
#pragma HLS BIND_STORAGE variable=fourth_order_double::cos_K3 type=ROM_1P impl=LUTRAM
                                                                   ^
/home/arthur/MapaLogistico/chls/chls/solution1/.autopilot/db/top_module.pp.0.cpp:57237:68: error: Invalid Directive: for current device, ROM_1P + LUTRAM is invalid combination for BIND_STORAGE's option 'type + impl' [clang-diagnostic-error]
#pragma HLS BIND_STORAGE variable=fourth_order_double::cos_K4 type=ROM_1P impl=LUTRAM
                                                                   ^
/home/arthur/MapaLogistico/chls/chls/solution1/.autopilot/db/top_module.pp.0.cpp:57238:68: error: Invalid Directive: for current device, ROM_1P + LUTRAM is invalid combination for BIND_STORAGE's option 'type + impl' [clang-diagnostic-error]
#pragma HLS BIND_STORAGE variable=fourth_order_double::sin_K0 type=ROM_1P impl=LUTRAM
                                                                   ^
/home/arthur/MapaLogistico/chls/chls/solution1/.autopilot/db/top_module.pp.0.cpp:57239:68: error: Invalid Directive: for current device, ROM_1P + LUTRAM is invalid combination for BIND_STORAGE's option 'type + impl' [clang-diagnostic-error]
#pragma HLS BIND_STORAGE variable=fourth_order_double::sin_K1 type=ROM_1P impl=LUTRAM
                                                                   ^
/home/arthur/MapaLogistico/chls/chls/solution1/.autopilot/db/top_module.pp.0.cpp:57240:68: error: Invalid Directive: for current device, ROM_1P + LUTRAM is invalid combination for BIND_STORAGE's option 'type + impl' [clang-diagnostic-error]
#pragma HLS BIND_STORAGE variable=fourth_order_double::sin_K2 type=ROM_1P impl=LUTRAM
                                                                   ^
/home/arthur/MapaLogistico/chls/chls/solution1/.autopilot/db/top_module.pp.0.cpp:57241:68: error: Invalid Directive: for current device, ROM_1P + LUTRAM is invalid combination for BIND_STORAGE's option 'type + impl' [clang-diagnostic-error]
#pragma HLS BIND_STORAGE variable=fourth_order_double::sin_K3 type=ROM_1P impl=LUTRAM
                                                                   ^
/home/arthur/MapaLogistico/chls/chls/solution1/.autopilot/db/top_module.pp.0.cpp:57242:68: error: Invalid Directive: for current device, ROM_1P + LUTRAM is invalid combination for BIND_STORAGE's option 'type + impl' [clang-diagnostic-error]
#pragma HLS BIND_STORAGE variable=fourth_order_double::sin_K4 type=ROM_1P impl=LUTRAM
                                                                   ^
/home/arthur/MapaLogistico/chls/chls/solution1/.autopilot/db/top_module.pp.0.cpp:57292:71: error: Invalid Directive: for current device, ROM_1P + LUTRAM is invalid combination for BIND_STORAGE's option 'type + impl' [clang-diagnostic-error]
#pragma HLS BIND_STORAGE variable=second_order_float::sin_cos_K0 type=ROM_1P impl=LUTRAM
                                                                      ^
/home/arthur/MapaLogistico/chls/chls/solution1/.autopilot/db/top_module.pp.0.cpp:57293:71: error: Invalid Directive: for current device, ROM_1P + LUTRAM is invalid combination for BIND_STORAGE's option 'type + impl' [clang-diagnostic-error]
#pragma HLS BIND_STORAGE variable=second_order_float::sin_cos_K1 type=ROM_1P impl=LUTRAM
                                                                      ^
/home/arthur/MapaLogistico/chls/chls/solution1/.autopilot/db/top_module.pp.0.cpp:57294:71: error: Invalid Directive: for current device, ROM_1P + LUTRAM is invalid combination for BIND_STORAGE's option 'type + impl' [clang-diagnostic-error]
#pragma HLS BIND_STORAGE variable=second_order_float::sin_cos_K2 type=ROM_1P impl=LUTRAM
                                                                      ^
/home/arthur/MapaLogistico/chls/chls/solution1/.autopilot/db/top_module.pp.0.cpp:57321:67: error: Invalid Directive: for current device, ROM_1P + LUTRAM is invalid combination for BIND_STORAGE's option 'type + impl' [clang-diagnostic-error]
#pragma HLS BIND_STORAGE variable=second_order_float::cos_K0 type=ROM_1P impl=LUTRAM
                                                                  ^
/home/arthur/MapaLogistico/chls/chls/solution1/.autopilot/db/top_module.pp.0.cpp:57322:67: error: Invalid Directive: for current device, ROM_1P + LUTRAM is invalid combination for BIND_STORAGE's option 'type + impl' [clang-diagnostic-error]
#pragma HLS BIND_STORAGE variable=second_order_float::cos_K1 type=ROM_1P impl=LUTRAM
                                                                  ^
/home/arthur/MapaLogistico/chls/chls/solution1/.autopilot/db/top_module.pp.0.cpp:57323:67: error: Invalid Directive: for current device, ROM_1P + LUTRAM is invalid combination for BIND_STORAGE's option 'type + impl' [clang-diagnostic-error]
#pragma HLS BIND_STORAGE variable=second_order_float::cos_K2 type=ROM_1P impl=LUTRAM
                                                                  ^
/home/arthur/MapaLogistico/chls/chls/solution1/.autopilot/db/top_module.pp.0.cpp:57324:67: error: Invalid Directive: for current device, ROM_1P + LUTRAM is invalid combination for BIND_STORAGE's option 'type + impl' [clang-diagnostic-error]
#pragma HLS BIND_STORAGE variable=second_order_float::sin_K0 type=ROM_1P impl=LUTRAM
                                                                  ^
/home/arthur/MapaLogistico/chls/chls/solution1/.autopilot/db/top_module.pp.0.cpp:57325:67: error: Invalid Directive: for current device, ROM_1P + LUTRAM is invalid combination for BIND_STORAGE's option 'type + impl' [clang-diagnostic-error]
#pragma HLS BIND_STORAGE variable=second_order_float::sin_K1 type=ROM_1P impl=LUTRAM
                                                                  ^
/home/arthur/MapaLogistico/chls/chls/solution1/.autopilot/db/top_module.pp.0.cpp:57326:67: error: Invalid Directive: for current device, ROM_1P + LUTRAM is invalid combination for BIND_STORAGE's option 'type + impl' [clang-diagnostic-error]
#pragma HLS BIND_STORAGE variable=second_order_float::sin_K2 type=ROM_1P impl=LUTRAM
                                                                  ^
/home/arthur/MapaLogistico/chls/chls/solution1/.autopilot/db/top_module.pp.0.cpp:57362:73: error: Invalid Directive: for current device, ROM_1P + LUTRAM is invalid combination for BIND_STORAGE's option 'type + impl' [clang-diagnostic-error]
#pragma HLS BIND_STORAGE variable=first_order_fixed_16::sin_cos_K0 type=ROM_1P impl=LUTRAM
                                                                        ^
/home/arthur/MapaLogistico/chls/chls/solution1/.autopilot/db/top_module.pp.0.cpp:57363:73: error: Invalid Directive: for current device, ROM_1P + LUTRAM is invalid combination for BIND_STORAGE's option 'type + impl' [clang-diagnostic-error]
#pragma HLS BIND_STORAGE variable=first_order_fixed_16::sin_cos_K1 type=ROM_1P impl=LUTRAM
                                                                        ^
/home/arthur/MapaLogistico/chls/chls/solution1/.autopilot/db/top_module.pp.0.cpp:57637:5: warning: Added loop label VITIS_LOOP_87_1:   [xilinx-label-all-loops]
    for (int n=0; n<Nmax; n++){
    ^~~
    VITIS_LOOP_87_1: 
/home/arthur/MapaLogistico/chls/chls/solution1/.autopilot/db/top_module.pp.0.cpp:57637:5: note: FIX-IT applied suggested code changes
/home/arthur/MapaLogistico/chls/chls/solution1/.autopilot/db/top_module.pp.0.cpp:57683:5: warning: Added loop label VITIS_LOOP_143_1:   [xilinx-label-all-loops]
    for (int n=0; n<Nmax; n++){
    ^~~
    VITIS_LOOP_143_1: 
/home/arthur/MapaLogistico/chls/chls/solution1/.autopilot/db/top_module.pp.0.cpp:57683:5: note: FIX-IT applied suggested code changes
/home/arthur/MapaLogistico/chls/chls/solution1/.autopilot/db/top_module.pp.0.cpp:57846:9: warning: Added loop label VITIS_LOOP_315_1:   [xilinx-label-all-loops]
        for(int i=0;i<W-1;i++){
        ^~~
        VITIS_LOOP_315_1: 
/home/arthur/MapaLogistico/chls/chls/solution1/.autopilot/db/top_module.pp.0.cpp:57846:9: note: FIX-IT applied suggested code changes
/home/arthur/MapaLogistico/chls/chls/solution1/.autopilot/db/top_module.pp.0.cpp:57998:9: warning: Added loop label VITIS_LOOP_475_1:   [xilinx-label-all-loops]
        for(int i=0;i<W-1;i++){
        ^~~
        VITIS_LOOP_475_1: 
/home/arthur/MapaLogistico/chls/chls/solution1/.autopilot/db/top_module.pp.0.cpp:57998:9: note: FIX-IT applied suggested code changes
/home/arthur/MapaLogistico/chls/chls/solution1/.autopilot/db/top_module.pp.0.cpp:58178:5: warning: Added loop label VITIS_LOOP_655_1:   [xilinx-label-all-loops]
    for(int i=0;i<W+1;i++){
    ^~~
    VITIS_LOOP_655_1: 
/home/arthur/MapaLogistico/chls/chls/solution1/.autopilot/db/top_module.pp.0.cpp:58178:5: note: FIX-IT applied suggested code changes
/home/arthur/MapaLogistico/chls/chls/solution1/.autopilot/db/top_module.pp.0.cpp:58182:5: warning: Added loop label VITIS_LOOP_659_2:   [xilinx-label-all-loops]
    for(int i=0;i<W+1;i++){
    ^~~
    VITIS_LOOP_659_2: 
/home/arthur/MapaLogistico/chls/chls/solution1/.autopilot/db/top_module.pp.0.cpp:58182:5: note: FIX-IT applied suggested code changes
/home/arthur/MapaLogistico/chls/chls/solution1/.autopilot/db/top_module.pp.0.cpp:58292:5: warning: Added loop label VITIS_LOOP_769_1:   [xilinx-label-all-loops]
    for (int n=0; n<Nmax; n++){
    ^~~
    VITIS_LOOP_769_1: 
/home/arthur/MapaLogistico/chls/chls/solution1/.autopilot/db/top_module.pp.0.cpp:58292:5: note: FIX-IT applied suggested code changes
/home/arthur/MapaLogistico/chls/chls/solution1/.autopilot/db/top_module.pp.0.cpp:58382:7: warning: Added loop label VITIS_LOOP_866_1:   [xilinx-label-all-loops]
      for(int i=0;i<W-1;i++){
      ^~~
      VITIS_LOOP_866_1: 
/home/arthur/MapaLogistico/chls/chls/solution1/.autopilot/db/top_module.pp.0.cpp:58382:7: note: FIX-IT applied suggested code changes
/home/arthur/MapaLogistico/chls/chls/solution1/.autopilot/db/top_module.pp.0.cpp:58401:7: warning: Added loop label VITIS_LOOP_885_2:   [xilinx-label-all-loops]
      for(int i=0;i<W-1;i++){
      ^~~
      VITIS_LOOP_885_2: 
/home/arthur/MapaLogistico/chls/chls/solution1/.autopilot/db/top_module.pp.0.cpp:58401:7: note: FIX-IT applied suggested code changes
/home/arthur/MapaLogistico/chls/chls/solution1/.autopilot/db/top_module.pp.0.cpp:58691:5: warning: Added loop label VITIS_LOOP_1199_1:   [xilinx-label-all-loops]
    for(int i=0; i<Nmax; i++) {
    ^~~
    VITIS_LOOP_1199_1: 
/home/arthur/MapaLogistico/chls/chls/solution1/.autopilot/db/top_module.pp.0.cpp:58691:5: note: FIX-IT applied suggested code changes
/home/arthur/MapaLogistico/chls/chls/solution1/.autopilot/db/top_module.pp.0.cpp:58774:5: warning: Added loop label VITIS_LOOP_1282_1:   [xilinx-label-all-loops]
    for(int i=0; i<Nmax; i++) {
    ^~~
    VITIS_LOOP_1282_1: 
/home/arthur/MapaLogistico/chls/chls/solution1/.autopilot/db/top_module.pp.0.cpp:58774:5: note: FIX-IT applied suggested code changes
/home/arthur/MapaLogistico/chls/chls/solution1/.autopilot/db/top_module.pp.0.cpp:59180:13: warning: Added loop label VITIS_LOOP_94_1:   [xilinx-label-all-loops]
            for (int j = 3; j >= I_+1; j--) {
            ^~~
            VITIS_LOOP_94_1: 
/home/arthur/MapaLogistico/chls/chls/solution1/.autopilot/db/top_module.pp.0.cpp:59180:13: note: FIX-IT applied suggested code changes
/home/arthur/MapaLogistico/chls/chls/solution1/.autopilot/db/top_module.pp.0.cpp:59186:17: warning: Added loop label VITIS_LOOP_100_2:   [xilinx-label-all-loops]
                for (int j = 3; j >= I_+1; j--){
                ^~~
                VITIS_LOOP_100_2: 
/home/arthur/MapaLogistico/chls/chls/solution1/.autopilot/db/top_module.pp.0.cpp:59186:17: note: FIX-IT applied suggested code changes
/home/arthur/MapaLogistico/chls/chls/solution1/.autopilot/db/top_module.pp.0.cpp:59190:17: warning: Added loop label VITIS_LOOP_104_3:   [xilinx-label-all-loops]
                for (int j = I_; j >= 0; j--){
                ^~~
                VITIS_LOOP_104_3: 
/home/arthur/MapaLogistico/chls/chls/solution1/.autopilot/db/top_module.pp.0.cpp:59190:17: note: FIX-IT applied suggested code changes
/home/arthur/MapaLogistico/chls/chls/solution1/.autopilot/db/top_module.pp.0.cpp:59238:13: warning: Added loop label VITIS_LOOP_171_4:   [xilinx-label-all-loops]
            for (int j = 9; j >= I_+4; j--) {
            ^~~
            VITIS_LOOP_171_4: 
/home/arthur/MapaLogistico/chls/chls/solution1/.autopilot/db/top_module.pp.0.cpp:59238:13: note: FIX-IT applied suggested code changes
/home/arthur/MapaLogistico/chls/chls/solution1/.autopilot/db/top_module.pp.0.cpp:59244:17: warning: Added loop label VITIS_LOOP_177_5:   [xilinx-label-all-loops]
                for (int j = 9; j >= I_+4; j--){
                ^~~
                VITIS_LOOP_177_5: 
/home/arthur/MapaLogistico/chls/chls/solution1/.autopilot/db/top_module.pp.0.cpp:59244:17: note: FIX-IT applied suggested code changes
/home/arthur/MapaLogistico/chls/chls/solution1/.autopilot/db/top_module.pp.0.cpp:59248:17: warning: Added loop label VITIS_LOOP_181_6:   [xilinx-label-all-loops]
                for (int j = I_+3; j >= 0; j--){
                ^~~
                VITIS_LOOP_181_6: 
/home/arthur/MapaLogistico/chls/chls/solution1/.autopilot/db/top_module.pp.0.cpp:59248:17: note: FIX-IT applied suggested code changes
/home/arthur/MapaLogistico/chls/chls/solution1/.autopilot/db/top_module.pp.0.cpp:59263:9: warning: Added loop label VITIS_LOOP_196_7:   [xilinx-label-all-loops]
        for (int j = 14; j < 22; j++){
        ^~~
        VITIS_LOOP_196_7: 
/home/arthur/MapaLogistico/chls/chls/solution1/.autopilot/db/top_module.pp.0.cpp:59263:9: note: FIX-IT applied suggested code changes
/home/arthur/MapaLogistico/chls/chls/solution1/.autopilot/db/top_module.pp.0.cpp:59271:17: warning: Added loop label VITIS_LOOP_204_8:   [xilinx-label-all-loops]
                for (int j = 0; j < 22; j++){
                ^~~
                VITIS_LOOP_204_8: 
/home/arthur/MapaLogistico/chls/chls/solution1/.autopilot/db/top_module.pp.0.cpp:59271:17: note: FIX-IT applied suggested code changes
/home/arthur/MapaLogistico/chls/chls/solution1/.autopilot/db/top_module.pp.0.cpp:59336:13: warning: Added loop label VITIS_LOOP_269_9:   [xilinx-label-all-loops]
            for (int j = 21; j >= I_+10; j--) {
            ^~~
            VITIS_LOOP_269_9: 
/home/arthur/MapaLogistico/chls/chls/solution1/.autopilot/db/top_module.pp.0.cpp:59336:13: note: FIX-IT applied suggested code changes
/home/arthur/MapaLogistico/chls/chls/solution1/.autopilot/db/top_module.pp.0.cpp:59342:17: warning: Added loop label VITIS_LOOP_275_10:   [xilinx-label-all-loops]
                for (int j = 21; j >= I_+10; j--) {
                ^~~
                VITIS_LOOP_275_10: 
/home/arthur/MapaLogistico/chls/chls/solution1/.autopilot/db/top_module.pp.0.cpp:59342:17: note: FIX-IT applied suggested code changes
/home/arthur/MapaLogistico/chls/chls/solution1/.autopilot/db/top_module.pp.0.cpp:59346:17: warning: Added loop label VITIS_LOOP_279_11:   [xilinx-label-all-loops]
                for (int j = I_+9; j >= 0; j--) {
                ^~~
                VITIS_LOOP_279_11: 
/home/arthur/MapaLogistico/chls/chls/solution1/.autopilot/db/top_module.pp.0.cpp:59346:17: note: FIX-IT applied suggested code changes
/home/arthur/MapaLogistico/chls/chls/solution1/.autopilot/db/top_module.pp.0.cpp:59361:9: warning: Added loop label VITIS_LOOP_294_12:   [xilinx-label-all-loops]
        for (int j = 27; j < 46; j++){
        ^~~
        VITIS_LOOP_294_12: 
/home/arthur/MapaLogistico/chls/chls/solution1/.autopilot/db/top_module.pp.0.cpp:59361:9: note: FIX-IT applied suggested code changes
/home/arthur/MapaLogistico/chls/chls/solution1/.autopilot/db/top_module.pp.0.cpp:59369:17: warning: Added loop label VITIS_LOOP_302_13:   [xilinx-label-all-loops]
                for (int j = 0; j < 46; j++) {
                ^~~
                VITIS_LOOP_302_13: 
/home/arthur/MapaLogistico/chls/chls/solution1/.autopilot/db/top_module.pp.0.cpp:59369:17: note: FIX-IT applied suggested code changes
/home/arthur/MapaLogistico/chls/chls/solution1/.autopilot/db/top_module.pp.0.cpp:59598:13: warning: Added loop label VITIS_LOOP_531_14:   [xilinx-label-all-loops]
            for (int j = 45; j >= I_+22; j--) {
            ^~~
            VITIS_LOOP_531_14: 
/home/arthur/MapaLogistico/chls/chls/solution1/.autopilot/db/top_module.pp.0.cpp:59598:13: note: FIX-IT applied suggested code changes
/home/arthur/MapaLogistico/chls/chls/solution1/.autopilot/db/top_module.pp.0.cpp:59604:17: warning: Added loop label VITIS_LOOP_537_15:   [xilinx-label-all-loops]
                for (int j = 45; j >= I_+22; j--){
                ^~~
                VITIS_LOOP_537_15: 
/home/arthur/MapaLogistico/chls/chls/solution1/.autopilot/db/top_module.pp.0.cpp:59604:17: note: FIX-IT applied suggested code changes
/home/arthur/MapaLogistico/chls/chls/solution1/.autopilot/db/top_module.pp.0.cpp:59608:17: warning: Added loop label VITIS_LOOP_541_16:   [xilinx-label-all-loops]
                for (int j = I_+21; j >= 0; j--) {
                ^~~
                VITIS_LOOP_541_16: 
/home/arthur/MapaLogistico/chls/chls/solution1/.autopilot/db/top_module.pp.0.cpp:59608:17: note: FIX-IT applied suggested code changes
/home/arthur/MapaLogistico/chls/chls/solution1/.autopilot/db/top_module.pp.0.cpp:59618:9: warning: Added loop label VITIS_LOOP_551_17:   [xilinx-label-all-loops]
        for (int j = 32-F_; j < 32+I_; j++){
        ^~~
        VITIS_LOOP_551_17: 
/home/arthur/MapaLogistico/chls/chls/solution1/.autopilot/db/top_module.pp.0.cpp:59618:9: note: FIX-IT applied suggested code changes
/home/arthur/MapaLogistico/chls/chls/solution1/.autopilot/db/top_module.pp.0.cpp:59622:9: warning: Added loop label VITIS_LOOP_555_18:   [xilinx-label-all-loops]
        for (int j = 32+I_; j <= 64; j++){
        ^~~
        VITIS_LOOP_555_18: 
/home/arthur/MapaLogistico/chls/chls/solution1/.autopilot/db/top_module.pp.0.cpp:59622:9: note: FIX-IT applied suggested code changes
/home/arthur/MapaLogistico/chls/chls/solution1/.autopilot/db/top_module.pp.0.cpp:59632:9: warning: Added loop label VITIS_LOOP_565_19:   [xilinx-label-all-loops]
        for (int j = 37; j < 64; j++) {
        ^~~
        VITIS_LOOP_565_19: 
/home/arthur/MapaLogistico/chls/chls/solution1/.autopilot/db/top_module.pp.0.cpp:59632:9: note: FIX-IT applied suggested code changes
/home/arthur/MapaLogistico/chls/chls/solution1/.autopilot/db/top_module.pp.0.cpp:59640:17: warning: Added loop label VITIS_LOOP_573_20:   [xilinx-label-all-loops]
                for (int j = 0; j < 64; j++){
                ^~~
                VITIS_LOOP_573_20: 
/home/arthur/MapaLogistico/chls/chls/solution1/.autopilot/db/top_module.pp.0.cpp:59640:17: note: FIX-IT applied suggested code changes
/home/arthur/MapaLogistico/chls/chls/solution1/.autopilot/db/top_module.pp.0.cpp:60001:13: warning: Added loop label VITIS_LOOP_934_21:   [xilinx-label-all-loops]
            for (int j = 63; j >= I_+31; j--) {
            ^~~
            VITIS_LOOP_934_21: 
/home/arthur/MapaLogistico/chls/chls/solution1/.autopilot/db/top_module.pp.0.cpp:60001:13: note: FIX-IT applied suggested code changes
/home/arthur/MapaLogistico/chls/chls/solution1/.autopilot/db/top_module.pp.0.cpp:60007:17: warning: Added loop label VITIS_LOOP_940_22:   [xilinx-label-all-loops]
                for (int j = 63; j >= I_+31; j--) {
                ^~~
                VITIS_LOOP_940_22: 
/home/arthur/MapaLogistico/chls/chls/solution1/.autopilot/db/top_module.pp.0.cpp:60007:17: note: FIX-IT applied suggested code changes
/home/arthur/MapaLogistico/chls/chls/solution1/.autopilot/db/top_module.pp.0.cpp:60011:17: warning: Added loop label VITIS_LOOP_944_23:   [xilinx-label-all-loops]
                for (int j = I_+30; j >= 0; j--) {
                ^~~
                VITIS_LOOP_944_23: 
/home/arthur/MapaLogistico/chls/chls/solution1/.autopilot/db/top_module.pp.0.cpp:60011:17: note: FIX-IT applied suggested code changes
/home/arthur/MapaLogistico/chls/chls/solution1/.autopilot/db/top_module.pp.0.cpp:60127:13: warning: Added loop label VITIS_LOOP_1060_1:   [xilinx-label-all-loops]
            for (int j = 4; j >= I_+1; j--) {
            ^~~
            VITIS_LOOP_1060_1: 
/home/arthur/MapaLogistico/chls/chls/solution1/.autopilot/db/top_module.pp.0.cpp:60127:13: note: FIX-IT applied suggested code changes
/home/arthur/MapaLogistico/chls/chls/solution1/.autopilot/db/top_module.pp.0.cpp:60133:17: warning: Added loop label VITIS_LOOP_1066_2:   [xilinx-label-all-loops]
                for (int j = 4; j >= I_+1; j--) {
                ^~~
                VITIS_LOOP_1066_2: 
/home/arthur/MapaLogistico/chls/chls/solution1/.autopilot/db/top_module.pp.0.cpp:60133:17: note: FIX-IT applied suggested code changes
/home/arthur/MapaLogistico/chls/chls/solution1/.autopilot/db/top_module.pp.0.cpp:60137:17: warning: Added loop label VITIS_LOOP_1070_3:   [xilinx-label-all-loops]
                for (int j = I_; j >= 0; j--) {
                ^~~
                VITIS_LOOP_1070_3: 
/home/arthur/MapaLogistico/chls/chls/solution1/.autopilot/db/top_module.pp.0.cpp:60137:17: note: FIX-IT applied suggested code changes
/home/arthur/MapaLogistico/chls/chls/solution1/.autopilot/db/top_module.pp.0.cpp:60224:13: warning: Added loop label VITIS_LOOP_1157_4:   [xilinx-label-all-loops]
            for (int j = 10; j >= I_+4; j--) {
            ^~~
            VITIS_LOOP_1157_4: 
/home/arthur/MapaLogistico/chls/chls/solution1/.autopilot/db/top_module.pp.0.cpp:60224:13: note: FIX-IT applied suggested code changes
/home/arthur/MapaLogistico/chls/chls/solution1/.autopilot/db/top_module.pp.0.cpp:60230:17: warning: Added loop label VITIS_LOOP_1163_5:   [xilinx-label-all-loops]
                for (int j = 10; j >= I_+4; j--) {
                ^~~
                VITIS_LOOP_1163_5: 
/home/arthur/MapaLogistico/chls/chls/solution1/.autopilot/db/top_module.pp.0.cpp:60230:17: note: FIX-IT applied suggested code changes
/home/arthur/MapaLogistico/chls/chls/solution1/.autopilot/db/top_module.pp.0.cpp:60234:17: warning: Added loop label VITIS_LOOP_1167_6:   [xilinx-label-all-loops]
                for (int j = I_+3; j >= 0; j--) {
                ^~~
                VITIS_LOOP_1167_6: 
/home/arthur/MapaLogistico/chls/chls/solution1/.autopilot/db/top_module.pp.0.cpp:60234:17: note: FIX-IT applied suggested code changes
/home/arthur/MapaLogistico/chls/chls/solution1/.autopilot/db/top_module.pp.0.cpp:60253:9: warning: Added loop label VITIS_LOOP_1186_7:   [xilinx-label-all-loops]
        for (int j = wf+3; j < w-1; j++) {
        ^~~
        VITIS_LOOP_1186_7: 
/home/arthur/MapaLogistico/chls/chls/solution1/.autopilot/db/top_module.pp.0.cpp:60253:9: note: FIX-IT applied suggested code changes
/home/arthur/MapaLogistico/chls/chls/solution1/.autopilot/db/top_module.pp.0.cpp:60260:17: warning: Added loop label VITIS_LOOP_1193_8:   [xilinx-label-all-loops]
                for (int j = 0; j < 22; j++) {
                ^~~
                VITIS_LOOP_1193_8: 
/home/arthur/MapaLogistico/chls/chls/solution1/.autopilot/db/top_module.pp.0.cpp:60260:17: note: FIX-IT applied suggested code changes
/home/arthur/MapaLogistico/chls/chls/solution1/.autopilot/db/top_module.pp.0.cpp:60376:13: warning: Added loop label VITIS_LOOP_1309_9:   [xilinx-label-all-loops]
            for (int j = 22; j >= I_+10; j--) {
            ^~~
            VITIS_LOOP_1309_9: 
/home/arthur/MapaLogistico/chls/chls/solution1/.autopilot/db/top_module.pp.0.cpp:60376:13: note: FIX-IT applied suggested code changes
/home/arthur/MapaLogistico/chls/chls/solution1/.autopilot/db/top_module.pp.0.cpp:60382:17: warning: Added loop label VITIS_LOOP_1315_10:   [xilinx-label-all-loops]
                for (int j = 22; j >= I_+10; j--){
                ^~~
                VITIS_LOOP_1315_10: 
/home/arthur/MapaLogistico/chls/chls/solution1/.autopilot/db/top_module.pp.0.cpp:60382:17: note: FIX-IT applied suggested code changes
/home/arthur/MapaLogistico/chls/chls/solution1/.autopilot/db/top_module.pp.0.cpp:60386:17: warning: Added loop label VITIS_LOOP_1319_11:   [xilinx-label-all-loops]
                for (int j = I_+9; j >= 0; j--) {
                ^~~
                VITIS_LOOP_1319_11: 
/home/arthur/MapaLogistico/chls/chls/solution1/.autopilot/db/top_module.pp.0.cpp:60386:17: note: FIX-IT applied suggested code changes
/home/arthur/MapaLogistico/chls/chls/solution1/.autopilot/db/top_module.pp.0.cpp:60406:9: warning: Added loop label VITIS_LOOP_1339_12:   [xilinx-label-all-loops]
        for (int j = wf+4; j < w-1; j++){
        ^~~
        VITIS_LOOP_1339_12: 
/home/arthur/MapaLogistico/chls/chls/solution1/.autopilot/db/top_module.pp.0.cpp:60406:9: note: FIX-IT applied suggested code changes
/home/arthur/MapaLogistico/chls/chls/solution1/.autopilot/db/top_module.pp.0.cpp:60413:17: warning: Added loop label VITIS_LOOP_1346_13:   [xilinx-label-all-loops]
                for (int j = 0; j < 46; j++) {
                ^~~
                VITIS_LOOP_1346_13: 
/home/arthur/MapaLogistico/chls/chls/solution1/.autopilot/db/top_module.pp.0.cpp:60413:17: note: FIX-IT applied suggested code changes
/home/arthur/MapaLogistico/chls/chls/solution1/.autopilot/db/top_module.pp.0.cpp:60675:13: warning: Added loop label VITIS_LOOP_1608_14:   [xilinx-label-all-loops]
            for (int j = 46; j >= I_+22; j--) {
            ^~~
            VITIS_LOOP_1608_14: 
/home/arthur/MapaLogistico/chls/chls/solution1/.autopilot/db/top_module.pp.0.cpp:60675:13: note: FIX-IT applied suggested code changes
/home/arthur/MapaLogistico/chls/chls/solution1/.autopilot/db/top_module.pp.0.cpp:60681:17: warning: Added loop label VITIS_LOOP_1614_15:   [xilinx-label-all-loops]
                for (int j = 46; j >= I_+22; j--) {
                ^~~
                VITIS_LOOP_1614_15: 
/home/arthur/MapaLogistico/chls/chls/solution1/.autopilot/db/top_module.pp.0.cpp:60681:17: note: FIX-IT applied suggested code changes
/home/arthur/MapaLogistico/chls/chls/solution1/.autopilot/db/top_module.pp.0.cpp:60685:17: warning: Added loop label VITIS_LOOP_1618_16:   [xilinx-label-all-loops]
                for (int j = I_+21; j >= 0; j--) {
                ^~~
                VITIS_LOOP_1618_16: 
/home/arthur/MapaLogistico/chls/chls/solution1/.autopilot/db/top_module.pp.0.cpp:60685:17: note: FIX-IT applied suggested code changes
/home/arthur/MapaLogistico/chls/chls/solution1/.autopilot/db/top_module.pp.0.cpp:60709:9: warning: Added loop label VITIS_LOOP_1642_17:   [xilinx-label-all-loops]
        for (int j = wf+5; j < w-1; j++){
        ^~~
        VITIS_LOOP_1642_17: 
/home/arthur/MapaLogistico/chls/chls/solution1/.autopilot/db/top_module.pp.0.cpp:60709:9: note: FIX-IT applied suggested code changes
/home/arthur/MapaLogistico/chls/chls/solution1/.autopilot/db/top_module.pp.0.cpp:60716:17: warning: Added loop label VITIS_LOOP_1649_18:   [xilinx-label-all-loops]
                for (int j = 0; j < 64; j++) {
                ^~~
                VITIS_LOOP_1649_18: 
/home/arthur/MapaLogistico/chls/chls/solution1/.autopilot/db/top_module.pp.0.cpp:60716:17: note: FIX-IT applied suggested code changes
/home/arthur/MapaLogistico/chls/chls/solution1/.autopilot/db/top_module.pp.0.cpp:61146:13: warning: Added loop label VITIS_LOOP_2079_19:   [xilinx-label-all-loops]
            for (int j = 64; j >= I_+31; j--) {
            ^~~
            VITIS_LOOP_2079_19: 
/home/arthur/MapaLogistico/chls/chls/solution1/.autopilot/db/top_module.pp.0.cpp:61146:13: note: FIX-IT applied suggested code changes
/home/arthur/MapaLogistico/chls/chls/solution1/.autopilot/db/top_module.pp.0.cpp:61152:17: warning: Added loop label VITIS_LOOP_2085_20:   [xilinx-label-all-loops]
                for (int j = 64; j >= I_+31; j--) {
                ^~~
                VITIS_LOOP_2085_20: 
/home/arthur/MapaLogistico/chls/chls/solution1/.autopilot/db/top_module.pp.0.cpp:61152:17: note: FIX-IT applied suggested code changes
/home/arthur/MapaLogistico/chls/chls/solution1/.autopilot/db/top_module.pp.0.cpp:61156:17: warning: Added loop label VITIS_LOOP_2089_21:   [xilinx-label-all-loops]
                for (int j = I_+30; j >= 0; j--) {
                ^~~
                VITIS_LOOP_2089_21: 
/home/arthur/MapaLogistico/chls/chls/solution1/.autopilot/db/top_module.pp.0.cpp:61156:17: note: FIX-IT applied suggested code changes
/home/arthur/MapaLogistico/chls/chls/solution1/.autopilot/db/top_module.pp.0.cpp:61286:13: warning: Added loop label VITIS_LOOP_2219_1:   [xilinx-label-all-loops]
            for(int j=3; j>=I+1; j--) {
            ^~~
            VITIS_LOOP_2219_1: 
/home/arthur/MapaLogistico/chls/chls/solution1/.autopilot/db/top_module.pp.0.cpp:61286:13: note: FIX-IT applied suggested code changes
/home/arthur/MapaLogistico/chls/chls/solution1/.autopilot/db/top_module.pp.0.cpp:61293:17: warning: Added loop label VITIS_LOOP_2226_2:   [xilinx-label-all-loops]
                for(int j=3; j>=I+1; j--) {
                ^~~
                VITIS_LOOP_2226_2: 
/home/arthur/MapaLogistico/chls/chls/solution1/.autopilot/db/top_module.pp.0.cpp:61293:17: note: FIX-IT applied suggested code changes
/home/arthur/MapaLogistico/chls/chls/solution1/.autopilot/db/top_module.pp.0.cpp:61297:17: warning: Added loop label VITIS_LOOP_2230_3:   [xilinx-label-all-loops]
                for(int j=I; j>=0; j--) {
                ^~~
                VITIS_LOOP_2230_3: 
/home/arthur/MapaLogistico/chls/chls/solution1/.autopilot/db/top_module.pp.0.cpp:61297:17: note: FIX-IT applied suggested code changes
/home/arthur/MapaLogistico/chls/chls/solution1/.autopilot/db/top_module.pp.0.cpp:61344:13: warning: Added loop label VITIS_LOOP_2277_4:   [xilinx-label-all-loops]
            for(int j=7; j>=3+I; j--) {
            ^~~
            VITIS_LOOP_2277_4: 
/home/arthur/MapaLogistico/chls/chls/solution1/.autopilot/db/top_module.pp.0.cpp:61344:13: note: FIX-IT applied suggested code changes
/home/arthur/MapaLogistico/chls/chls/solution1/.autopilot/db/top_module.pp.0.cpp:61351:17: warning: Added loop label VITIS_LOOP_2284_5:   [xilinx-label-all-loops]
                for(int j=7; j>=3+I; j--) {
                ^~~
                VITIS_LOOP_2284_5: 
/home/arthur/MapaLogistico/chls/chls/solution1/.autopilot/db/top_module.pp.0.cpp:61351:17: note: FIX-IT applied suggested code changes
/home/arthur/MapaLogistico/chls/chls/solution1/.autopilot/db/top_module.pp.0.cpp:61355:17: warning: Added loop label VITIS_LOOP_2288_6:   [xilinx-label-all-loops]
                for(int j=I+2; j>=0; j--) {
                ^~~
                VITIS_LOOP_2288_6: 
/home/arthur/MapaLogistico/chls/chls/solution1/.autopilot/db/top_module.pp.0.cpp:61355:17: note: FIX-IT applied suggested code changes
/home/arthur/MapaLogistico/chls/chls/solution1/.autopilot/db/top_module.pp.0.cpp:61373:9: warning: Added loop label VITIS_LOOP_2306_7:   [xilinx-label-all-loops]
        for(int j=11; j<16; j++) {
        ^~~
        VITIS_LOOP_2306_7: 
/home/arthur/MapaLogistico/chls/chls/solution1/.autopilot/db/top_module.pp.0.cpp:61373:9: note: FIX-IT applied suggested code changes
/home/arthur/MapaLogistico/chls/chls/solution1/.autopilot/db/top_module.pp.0.cpp:61428:13: warning: Added loop label VITIS_LOOP_2361_8:   [xilinx-label-all-loops]
            for(int j=15; j>=7+I; j--) {
            ^~~
            VITIS_LOOP_2361_8: 
/home/arthur/MapaLogistico/chls/chls/solution1/.autopilot/db/top_module.pp.0.cpp:61428:13: note: FIX-IT applied suggested code changes
/home/arthur/MapaLogistico/chls/chls/solution1/.autopilot/db/top_module.pp.0.cpp:61435:17: warning: Added loop label VITIS_LOOP_2368_9:   [xilinx-label-all-loops]
                for(int j=15; j>=7+I; j--) {
                ^~~
                VITIS_LOOP_2368_9: 
/home/arthur/MapaLogistico/chls/chls/solution1/.autopilot/db/top_module.pp.0.cpp:61435:17: note: FIX-IT applied suggested code changes
/home/arthur/MapaLogistico/chls/chls/solution1/.autopilot/db/top_module.pp.0.cpp:61439:17: warning: Added loop label VITIS_LOOP_2372_10:   [xilinx-label-all-loops]
                for(int j=6+I; j>=0; j--) {
                ^~~
                VITIS_LOOP_2372_10: 
/home/arthur/MapaLogistico/chls/chls/solution1/.autopilot/db/top_module.pp.0.cpp:61439:17: note: FIX-IT applied suggested code changes
/home/arthur/MapaLogistico/chls/chls/solution1/.autopilot/db/top_module.pp.0.cpp:61457:9: warning: Added loop label VITIS_LOOP_2390_11:   [xilinx-label-all-loops]
        for(int j=20; j<32; j++) {
        ^~~
        VITIS_LOOP_2390_11: 
/home/arthur/MapaLogistico/chls/chls/solution1/.autopilot/db/top_module.pp.0.cpp:61457:9: note: FIX-IT applied suggested code changes
/home/arthur/MapaLogistico/chls/chls/solution1/.autopilot/db/top_module.pp.0.cpp:61546:13: warning: Added loop label VITIS_LOOP_2479_12:   [xilinx-label-all-loops]
            for(int j=31; j>=I+15; j--) {
            ^~~
            VITIS_LOOP_2479_12: 
/home/arthur/MapaLogistico/chls/chls/solution1/.autopilot/db/top_module.pp.0.cpp:61546:13: note: FIX-IT applied suggested code changes
/home/arthur/MapaLogistico/chls/chls/solution1/.autopilot/db/top_module.pp.0.cpp:61553:17: warning: Added loop label VITIS_LOOP_2486_13:   [xilinx-label-all-loops]
                for(int j=31; j>=I+15; j--) {
                ^~~
                VITIS_LOOP_2486_13: 
/home/arthur/MapaLogistico/chls/chls/solution1/.autopilot/db/top_module.pp.0.cpp:61553:17: note: FIX-IT applied suggested code changes
/home/arthur/MapaLogistico/chls/chls/solution1/.autopilot/db/top_module.pp.0.cpp:61557:17: warning: Added loop label VITIS_LOOP_2490_14:   [xilinx-label-all-loops]
                for(int j=I+14; j>=0; j--) {
                ^~~
                VITIS_LOOP_2490_14: 
/home/arthur/MapaLogistico/chls/chls/solution1/.autopilot/db/top_module.pp.0.cpp:61557:17: note: FIX-IT applied suggested code changes
/home/arthur/MapaLogistico/chls/chls/solution1/.autopilot/db/top_module.pp.0.cpp:61567:9: warning: Added loop label VITIS_LOOP_2500_15:   [xilinx-label-all-loops]
        for(int j=32-F; j<32+I; j++) {
        ^~~
        VITIS_LOOP_2500_15: 
/home/arthur/MapaLogistico/chls/chls/solution1/.autopilot/db/top_module.pp.0.cpp:61567:9: note: FIX-IT applied suggested code changes
/home/arthur/MapaLogistico/chls/chls/solution1/.autopilot/db/top_module.pp.0.cpp:61571:9: warning: Added loop label VITIS_LOOP_2504_16:   [xilinx-label-all-loops]
        for(int j=32+I; j<=64; j++) {
        ^~~
        VITIS_LOOP_2504_16: 
/home/arthur/MapaLogistico/chls/chls/solution1/.autopilot/db/top_module.pp.0.cpp:61571:9: note: FIX-IT applied suggested code changes
/home/arthur/MapaLogistico/chls/chls/solution1/.autopilot/db/top_module.pp.0.cpp:61582:9: warning: Added loop label VITIS_LOOP_2515_17:   [xilinx-label-all-loops]
        for(int j=37; j<64; j++) {
        ^~~
        VITIS_LOOP_2515_17: 
/home/arthur/MapaLogistico/chls/chls/solution1/.autopilot/db/top_module.pp.0.cpp:61582:9: note: FIX-IT applied suggested code changes
/home/arthur/MapaLogistico/chls/chls/solution1/.autopilot/db/top_module.pp.0.cpp:61590:17: warning: Added loop label VITIS_LOOP_2523_18:   [xilinx-label-all-loops]
                for(int j=0; j<64; j++) {
                ^~~
                VITIS_LOOP_2523_18: 
/home/arthur/MapaLogistico/chls/chls/solution1/.autopilot/db/top_module.pp.0.cpp:61590:17: note: FIX-IT applied suggested code changes
/home/arthur/MapaLogistico/chls/chls/solution1/.autopilot/db/top_module.pp.0.cpp:61915:13: warning: Added loop label VITIS_LOOP_2848_19:   [xilinx-label-all-loops]
            for(int j=63; j>=I+31; j--) {
            ^~~
            VITIS_LOOP_2848_19: 
/home/arthur/MapaLogistico/chls/chls/solution1/.autopilot/db/top_module.pp.0.cpp:61915:13: note: FIX-IT applied suggested code changes
/home/arthur/MapaLogistico/chls/chls/solution1/.autopilot/db/top_module.pp.0.cpp:61922:17: warning: Added loop label VITIS_LOOP_2855_20:   [xilinx-label-all-loops]
                for(int j=63; j>=I+31; j--) {
                ^~~
                VITIS_LOOP_2855_20: 
/home/arthur/MapaLogistico/chls/chls/solution1/.autopilot/db/top_module.pp.0.cpp:61922:17: note: FIX-IT applied suggested code changes
/home/arthur/MapaLogistico/chls/chls/solution1/.autopilot/db/top_module.pp.0.cpp:61926:17: warning: Added loop label VITIS_LOOP_2859_21:   [xilinx-label-all-loops]
                for(int j=I+30; j>=0; j--) {
                ^~~
                VITIS_LOOP_2859_21: 
/home/arthur/MapaLogistico/chls/chls/solution1/.autopilot/db/top_module.pp.0.cpp:61926:17: note: FIX-IT applied suggested code changes
/home/arthur/MapaLogistico/chls/chls/solution1/.autopilot/db/top_module.pp.0.cpp:62014:4: warning: Added loop label VITIS_LOOP_2947_1:   [xilinx-label-all-loops]
   for(int j = 5; j>=I_+2; j--) {
   ^~~
   VITIS_LOOP_2947_1: 
/home/arthur/MapaLogistico/chls/chls/solution1/.autopilot/db/top_module.pp.0.cpp:62014:4: note: FIX-IT applied suggested code changes
/home/arthur/MapaLogistico/chls/chls/solution1/.autopilot/db/top_module.pp.0.cpp:62021:5: warning: Added loop label VITIS_LOOP_2954_2:   [xilinx-label-all-loops]
    for(int j = 5; j>=I_+2; j--) {
    ^~~
    VITIS_LOOP_2954_2: 
/home/arthur/MapaLogistico/chls/chls/solution1/.autopilot/db/top_module.pp.0.cpp:62021:5: note: FIX-IT applied suggested code changes
/home/arthur/MapaLogistico/chls/chls/solution1/.autopilot/db/top_module.pp.0.cpp:62025:5: warning: Added loop label VITIS_LOOP_2958_3:   [xilinx-label-all-loops]
    for(int j = I_+1; j>=0; j--) {
    ^~~
    VITIS_LOOP_2958_3: 
/home/arthur/MapaLogistico/chls/chls/solution1/.autopilot/db/top_module.pp.0.cpp:62025:5: note: FIX-IT applied suggested code changes
/home/arthur/MapaLogistico/chls/chls/solution1/.autopilot/db/top_module.pp.0.cpp:62040:3: warning: Added loop label VITIS_LOOP_2973_4:   [xilinx-label-all-loops]
  for(int j = 11; j >=7; j--) {
  ^~~
  VITIS_LOOP_2973_4: 
/home/arthur/MapaLogistico/chls/chls/solution1/.autopilot/db/top_module.pp.0.cpp:62040:3: note: FIX-IT applied suggested code changes
/home/arthur/MapaLogistico/chls/chls/solution1/.autopilot/db/top_module.pp.0.cpp:62072:4: warning: Added loop label VITIS_LOOP_3005_5:   [xilinx-label-all-loops]
   for(int j = 11; j >= I_+5; j--) {
   ^~~
   VITIS_LOOP_3005_5: 
/home/arthur/MapaLogistico/chls/chls/solution1/.autopilot/db/top_module.pp.0.cpp:62072:4: note: FIX-IT applied suggested code changes
/home/arthur/MapaLogistico/chls/chls/solution1/.autopilot/db/top_module.pp.0.cpp:62079:5: warning: Added loop label VITIS_LOOP_3012_6:   [xilinx-label-all-loops]
    for(int j = 11; j>= I_+5; j--) {
    ^~~
    VITIS_LOOP_3012_6: 
/home/arthur/MapaLogistico/chls/chls/solution1/.autopilot/db/top_module.pp.0.cpp:62079:5: note: FIX-IT applied suggested code changes
/home/arthur/MapaLogistico/chls/chls/solution1/.autopilot/db/top_module.pp.0.cpp:62083:5: warning: Added loop label VITIS_LOOP_3016_7:   [xilinx-label-all-loops]
    for(int j = I_+4; j>=0; j--) {
    ^~~
    VITIS_LOOP_3016_7: 
/home/arthur/MapaLogistico/chls/chls/solution1/.autopilot/db/top_module.pp.0.cpp:62083:5: note: FIX-IT applied suggested code changes
/home/arthur/MapaLogistico/chls/chls/solution1/.autopilot/db/top_module.pp.0.cpp:62098:3: warning: Added loop label VITIS_LOOP_3031_8:   [xilinx-label-all-loops]
  for(int j = 25; j>=15; j--) {
  ^~~
  VITIS_LOOP_3031_8: 
/home/arthur/MapaLogistico/chls/chls/solution1/.autopilot/db/top_module.pp.0.cpp:62098:3: note: FIX-IT applied suggested code changes
/home/arthur/MapaLogistico/chls/chls/solution1/.autopilot/db/top_module.pp.0.cpp:62148:4: warning: Added loop label VITIS_LOOP_3081_9:   [xilinx-label-all-loops]
   for(int j = 25; j>= I_+12; j--) {
   ^~~
   VITIS_LOOP_3081_9: 
/home/arthur/MapaLogistico/chls/chls/solution1/.autopilot/db/top_module.pp.0.cpp:62148:4: note: FIX-IT applied suggested code changes
/home/arthur/MapaLogistico/chls/chls/solution1/.autopilot/db/top_module.pp.0.cpp:62155:5: warning: Added loop label VITIS_LOOP_3088_10:   [xilinx-label-all-loops]
    for(int j = 25; j>=I_+12; j--) {
    ^~~
    VITIS_LOOP_3088_10: 
/home/arthur/MapaLogistico/chls/chls/solution1/.autopilot/db/top_module.pp.0.cpp:62155:5: note: FIX-IT applied suggested code changes
/home/arthur/MapaLogistico/chls/chls/solution1/.autopilot/db/top_module.pp.0.cpp:62159:5: warning: Added loop label VITIS_LOOP_3092_11:   [xilinx-label-all-loops]
    for(int j = I_+11; j>=0; j--) {
    ^~~
    VITIS_LOOP_3092_11: 
/home/arthur/MapaLogistico/chls/chls/solution1/.autopilot/db/top_module.pp.0.cpp:62159:5: note: FIX-IT applied suggested code changes
/home/arthur/MapaLogistico/chls/chls/solution1/.autopilot/db/top_module.pp.0.cpp:62174:3: warning: Added loop label VITIS_LOOP_3107_12:   [xilinx-label-all-loops]
  for(int j = 51; j >= 29; j--) {
  ^~~
  VITIS_LOOP_3107_12: 
/home/arthur/MapaLogistico/chls/chls/solution1/.autopilot/db/top_module.pp.0.cpp:62174:3: note: FIX-IT applied suggested code changes
/home/arthur/MapaLogistico/chls/chls/solution1/.autopilot/db/top_module.pp.0.cpp:62311:4: warning: Added loop label VITIS_LOOP_3244_13:   [xilinx-label-all-loops]
   for(int j = 51; j >= 25 + I_; j--) {
   ^~~
   VITIS_LOOP_3244_13: 
/home/arthur/MapaLogistico/chls/chls/solution1/.autopilot/db/top_module.pp.0.cpp:62311:4: note: FIX-IT applied suggested code changes
/home/arthur/MapaLogistico/chls/chls/solution1/.autopilot/db/top_module.pp.0.cpp:62318:5: warning: Added loop label VITIS_LOOP_3251_14:   [xilinx-label-all-loops]
    for(int j = 51; j>=25 + I_; j--) {
    ^~~
    VITIS_LOOP_3251_14: 
/home/arthur/MapaLogistico/chls/chls/solution1/.autopilot/db/top_module.pp.0.cpp:62318:5: note: FIX-IT applied suggested code changes
/home/arthur/MapaLogistico/chls/chls/solution1/.autopilot/db/top_module.pp.0.cpp:62322:5: warning: Added loop label VITIS_LOOP_3255_15:   [xilinx-label-all-loops]
    for(int j = 24 + I_; j >= 0; j--) {
    ^~~
    VITIS_LOOP_3255_15: 
/home/arthur/MapaLogistico/chls/chls/solution1/.autopilot/db/top_module.pp.0.cpp:62322:5: note: FIX-IT applied suggested code changes
/home/arthur/MapaLogistico/chls/chls/solution1/.autopilot/db/top_module.pp.0.cpp:62337:3: warning: Added loop label VITIS_LOOP_3270_16:   [xilinx-label-all-loops]
  for(int j = 63; j >= 36; j--) {
  ^~~
  VITIS_LOOP_3270_16: 
/home/arthur/MapaLogistico/chls/chls/solution1/.autopilot/db/top_module.pp.0.cpp:62337:3: note: FIX-IT applied suggested code changes
/home/arthur/MapaLogistico/chls/chls/solution1/.autopilot/db/top_module.pp.0.cpp:62497:4: warning: Added loop label VITIS_LOOP_3430_17:   [xilinx-label-all-loops]
   for(int j = 63; j >= 31 + I_; j--) {
   ^~~
   VITIS_LOOP_3430_17: 
/home/arthur/MapaLogistico/chls/chls/solution1/.autopilot/db/top_module.pp.0.cpp:62497:4: note: FIX-IT applied suggested code changes
/home/arthur/MapaLogistico/chls/chls/solution1/.autopilot/db/top_module.pp.0.cpp:62504:5: warning: Added loop label VITIS_LOOP_3437_18:   [xilinx-label-all-loops]
    for(int j = 63; j >= 31 + I_; j--) {
    ^~~
    VITIS_LOOP_3437_18: 
/home/arthur/MapaLogistico/chls/chls/solution1/.autopilot/db/top_module.pp.0.cpp:62504:5: note: FIX-IT applied suggested code changes
/home/arthur/MapaLogistico/chls/chls/solution1/.autopilot/db/top_module.pp.0.cpp:62508:5: warning: Added loop label VITIS_LOOP_3441_19:   [xilinx-label-all-loops]
    for(int j = 30 + I_; j >= 0; j--) {
    ^~~
    VITIS_LOOP_3441_19: 
/home/arthur/MapaLogistico/chls/chls/solution1/.autopilot/db/top_module.pp.0.cpp:62508:5: note: FIX-IT applied suggested code changes
/home/arthur/MapaLogistico/chls/chls/solution1/.autopilot/db/top_module.pp.0.cpp:63223:13: warning: Added loop label VITIS_LOOP_729_1:   [xilinx-label-all-loops]
            for (b_exp = I_-1; b_exp >= -F_; b_exp--) {
            ^~~
            VITIS_LOOP_729_1: 
/home/arthur/MapaLogistico/chls/chls/solution1/.autopilot/db/top_module.pp.0.cpp:63223:13: note: FIX-IT applied suggested code changes
/home/arthur/MapaLogistico/chls/chls/solution1/.autopilot/db/top_module.pp.0.cpp:63441:13: warning: Added loop label VITIS_LOOP_947_1:   [xilinx-label-all-loops]
            for (b_exp = I_-1; b_exp >= -F_; b_exp--) {
            ^~~
            VITIS_LOOP_947_1: 
/home/arthur/MapaLogistico/chls/chls/solution1/.autopilot/db/top_module.pp.0.cpp:63441:13: note: FIX-IT applied suggested code changes
/home/arthur/MapaLogistico/chls/chls/solution1/.autopilot/db/top_module.pp.0.cpp:63858:13: warning: Added loop label VITIS_LOOP_1371_1:   [xilinx-label-all-loops]
            for (b_exp = I_-1; b_exp >= -F_; b_exp--) {
            ^~~
            VITIS_LOOP_1371_1: 
/home/arthur/MapaLogistico/chls/chls/solution1/.autopilot/db/top_module.pp.0.cpp:63858:13: note: FIX-IT applied suggested code changes
/home/arthur/MapaLogistico/chls/chls/solution1/.autopilot/db/top_module.pp.0.cpp:64172:9: warning: Added loop label VITIS_LOOP_266_1:   [xilinx-label-all-loops]
        for ( int pos = msbr-1; pos >= 0; pos-- ) {
        ^~~
        VITIS_LOOP_266_1: 
/home/arthur/MapaLogistico/chls/chls/solution1/.autopilot/db/top_module.pp.0.cpp:64172:9: note: FIX-IT applied suggested code changes
/home/arthur/MapaLogistico/chls/chls/solution1/.autopilot/db/top_module.pp.0.cpp:64200:9: warning: Added loop label VITIS_LOOP_294_2:   [xilinx-label-all-loops]
        for ( int pos = -1; pos >= -F_-1; pos-- ) {
        ^~~
        VITIS_LOOP_294_2: 
/home/arthur/MapaLogistico/chls/chls/solution1/.autopilot/db/top_module.pp.0.cpp:64200:9: note: FIX-IT applied suggested code changes
/home/arthur/MapaLogistico/chls/chls/solution1/.autopilot/db/top_module.pp.0.cpp:64895:13: warning: Added loop label VITIS_LOOP_74_1:   [xilinx-label-all-loops]
            for (int j = 0; j < W_-1; j++){
            ^~~
            VITIS_LOOP_74_1: 
/home/arthur/MapaLogistico/chls/chls/solution1/.autopilot/db/top_module.pp.0.cpp:64895:13: note: FIX-IT applied suggested code changes
/home/arthur/MapaLogistico/chls/chls/solution1/.autopilot/db/top_module.pp.0.cpp:64948:5: warning: Added loop label VITIS_LOOP_135_2:   [xilinx-label-all-loops]
    for (int j = F_l+F_+I_m-1; j < F_l+W_+5; j++){
    ^~~
    VITIS_LOOP_135_2: 
/home/arthur/MapaLogistico/chls/chls/solution1/.autopilot/db/top_module.pp.0.cpp:64948:5: note: FIX-IT applied suggested code changes
/home/arthur/MapaLogistico/chls/chls/solution1/.autopilot/db/top_module.pp.0.cpp:64962:13: warning: Added loop label VITIS_LOOP_149_3:   [xilinx-label-all-loops]
            for (int j = WO_m-1; j >= W_-1; j--) {
            ^~~
            VITIS_LOOP_149_3: 
/home/arthur/MapaLogistico/chls/chls/solution1/.autopilot/db/top_module.pp.0.cpp:64962:13: note: FIX-IT applied suggested code changes
/home/arthur/MapaLogistico/chls/chls/solution1/.autopilot/db/top_module.pp.0.cpp:64992:13: warning: Added loop label VITIS_LOOP_179_4:   [xilinx-label-all-loops]
            for (int j = W_-2; j >= 0; j--){
            ^~~
            VITIS_LOOP_179_4: 
/home/arthur/MapaLogistico/chls/chls/solution1/.autopilot/db/top_module.pp.0.cpp:64992:13: note: FIX-IT applied suggested code changes
/home/arthur/MapaLogistico/chls/chls/solution1/.autopilot/db/top_module.pp.0.cpp:65077:12: warning: Added loop label VITIS_LOOP_307_1:   [xilinx-label-all-loops]
           for(int i = wf_log+we_log-2; i > WI_e - 2; --i) {
           ^~~
           VITIS_LOOP_307_1: 
/home/arthur/MapaLogistico/chls/chls/solution1/.autopilot/db/top_module.pp.0.cpp:65077:12: note: FIX-IT applied suggested code changes
/home/arthur/MapaLogistico/chls/chls/solution1/.autopilot/db/top_module.pp.0.cpp:65097:16: warning: Added loop label VITIS_LOOP_327_2:   [xilinx-label-all-loops]
               for (int j = WO_e-1; j >= W_-1; j--) {
               ^~~
               VITIS_LOOP_327_2: 
/home/arthur/MapaLogistico/chls/chls/solution1/.autopilot/db/top_module.pp.0.cpp:65097:16: note: FIX-IT applied suggested code changes
/home/arthur/MapaLogistico/chls/chls/solution1/.autopilot/db/top_module.pp.0.cpp:65111:20: warning: Added loop label VITIS_LOOP_341_3:   [xilinx-label-all-loops]
                   for(int i = 0; i < W_-1; ++i) {
                   ^~~
                   VITIS_LOOP_341_3: 
/home/arthur/MapaLogistico/chls/chls/solution1/.autopilot/db/top_module.pp.0.cpp:65111:20: note: FIX-IT applied suggested code changes
/home/arthur/MapaLogistico/chls/chls/solution1/.autopilot/db/top_module.pp.0.cpp:65204:12: warning: Added loop label VITIS_LOOP_459_1:   [xilinx-label-all-loops]
           for (int j =WO_d-1; j >= W_-1; j--) {
           ^~~
           VITIS_LOOP_459_1: 
/home/arthur/MapaLogistico/chls/chls/solution1/.autopilot/db/top_module.pp.0.cpp:65204:12: note: FIX-IT applied suggested code changes
/home/arthur/MapaLogistico/chls/chls/solution1/.autopilot/db/top_module.pp.0.cpp:65218:15: warning: Added loop label VITIS_LOOP_473_2:   [xilinx-label-all-loops]
              for(int i = 0; i < W_-1; ++i) {
              ^~~
              VITIS_LOOP_473_2: 
/home/arthur/MapaLogistico/chls/chls/solution1/.autopilot/db/top_module.pp.0.cpp:65218:15: note: FIX-IT applied suggested code changes
/home/arthur/MapaLogistico/chls/chls/solution1/.autopilot/db/top_module.pp.0.cpp:65331:13: warning: Added loop label VITIS_LOOP_59_1:   [xilinx-label-all-loops]
            for (int i = 0; i < W_-1; i++){
            ^~~
            VITIS_LOOP_59_1: 
/home/arthur/MapaLogistico/chls/chls/solution1/.autopilot/db/top_module.pp.0.cpp:65331:13: note: FIX-IT applied suggested code changes
/home/arthur/MapaLogistico/chls/chls/solution1/.autopilot/db/top_module.pp.0.cpp:65455:13: warning: Added loop label VITIS_LOOP_209_1:   [xilinx-label-all-loops]
            for (int i = 0; i < W_-1; i++){
            ^~~
            VITIS_LOOP_209_1: 
/home/arthur/MapaLogistico/chls/chls/solution1/.autopilot/db/top_module.pp.0.cpp:65455:13: note: FIX-IT applied suggested code changes
/home/arthur/MapaLogistico/chls/chls/solution1/.autopilot/db/top_module.pp.0.cpp:65510:13: warning: Added loop label VITIS_LOOP_274_1:   [xilinx-label-all-loops]
            for (int i = 0; i < W_-1; i++){
            ^~~
            VITIS_LOOP_274_1: 
/home/arthur/MapaLogistico/chls/chls/solution1/.autopilot/db/top_module.pp.0.cpp:65510:13: note: FIX-IT applied suggested code changes
/home/arthur/MapaLogistico/chls/chls/solution1/.autopilot/db/top_module.pp.0.cpp:66015:2: warning: Added loop label VITIS_LOOP_42_1:   [xilinx-label-all-loops]
 for (int i=0; i<W_;i++)
 ^~~
 VITIS_LOOP_42_1: 
/home/arthur/MapaLogistico/chls/chls/solution1/.autopilot/db/top_module.pp.0.cpp:66015:2: note: FIX-IT applied suggested code changes
/home/arthur/MapaLogistico/chls/chls/solution1/.autopilot/db/top_module.pp.0.cpp:66026:2: warning: Added loop label VITIS_LOOP_53_1:   [xilinx-label-all-loops]
 for (int i=0; i<W_;i++)
 ^~~
 VITIS_LOOP_53_1: 
/home/arthur/MapaLogistico/chls/chls/solution1/.autopilot/db/top_module.pp.0.cpp:66026:2: note: FIX-IT applied suggested code changes
/home/arthur/MapaLogistico/chls/chls/solution1/.autopilot/db/top_module.pp.0.cpp:66037:2: warning: Added loop label VITIS_LOOP_64_1:   [xilinx-label-all-loops]
 for (int i=0; i<I_;i++)
 ^~~
 VITIS_LOOP_64_1: 
/home/arthur/MapaLogistico/chls/chls/solution1/.autopilot/db/top_module.pp.0.cpp:66037:2: note: FIX-IT applied suggested code changes
/home/arthur/MapaLogistico/chls/chls/solution1/.autopilot/db/top_module.pp.0.cpp:66048:2: warning: Added loop label VITIS_LOOP_75_1:   [xilinx-label-all-loops]
 for (int i=0; i<I_;i++)
 ^~~
 VITIS_LOOP_75_1: 
/home/arthur/MapaLogistico/chls/chls/solution1/.autopilot/db/top_module.pp.0.cpp:66048:2: note: FIX-IT applied suggested code changes
/home/arthur/MapaLogistico/chls/chls/solution1/.autopilot/db/top_module.pp.0.cpp:66059:2: warning: Added loop label VITIS_LOOP_86_1:   [xilinx-label-all-loops]
 for (int i=0; i<W_;i++)
 ^~~
 VITIS_LOOP_86_1: 
/home/arthur/MapaLogistico/chls/chls/solution1/.autopilot/db/top_module.pp.0.cpp:66059:2: note: FIX-IT applied suggested code changes
/home/arthur/MapaLogistico/chls/chls/solution1/.autopilot/db/top_module.pp.0.cpp:66070:2: warning: Added loop label VITIS_LOOP_97_1:   [xilinx-label-all-loops]
 for (int i=0; i<W_;i++)
 ^~~
 VITIS_LOOP_97_1: 
/home/arthur/MapaLogistico/chls/chls/solution1/.autopilot/db/top_module.pp.0.cpp:66070:2: note: FIX-IT applied suggested code changes
/home/arthur/MapaLogistico/chls/chls/solution1/.autopilot/db/top_module.pp.0.cpp:66081:2: warning: Added loop label VITIS_LOOP_108_1:   [xilinx-label-all-loops]
 for (int i=0; i<I_;i++)
 ^~~
 VITIS_LOOP_108_1: 
/home/arthur/MapaLogistico/chls/chls/solution1/.autopilot/db/top_module.pp.0.cpp:66081:2: note: FIX-IT applied suggested code changes
/home/arthur/MapaLogistico/chls/chls/solution1/.autopilot/db/top_module.pp.0.cpp:66092:2: warning: Added loop label VITIS_LOOP_119_1:   [xilinx-label-all-loops]
 for (int i=0; i<I_;i++)
 ^~~
 VITIS_LOOP_119_1: 
/home/arthur/MapaLogistico/chls/chls/solution1/.autopilot/db/top_module.pp.0.cpp:66092:2: note: FIX-IT applied suggested code changes
/home/arthur/MapaLogistico/chls/chls/solution1/.autopilot/db/top_module.pp.0.cpp:68393:12: warning: Added loop label VITIS_LOOP_23_1:   [xilinx-label-all-loops]
           for(int i = 0; i < W_-1; ++i) {
           ^~~
           VITIS_LOOP_23_1: 
/home/arthur/MapaLogistico/chls/chls/solution1/.autopilot/db/top_module.pp.0.cpp:68393:12: note: FIX-IT applied suggested code changes
/home/arthur/MapaLogistico/chls/chls/solution1/.autopilot/db/top_module.pp.0.cpp:68457:7: warning: Added loop label VITIS_LOOP_66_1:   [xilinx-label-all-loops]
      for(int pos = msbr - 1 ; pos >= -F-1; pos--) {
      ^~~
      VITIS_LOOP_66_1: 
/home/arthur/MapaLogistico/chls/chls/solution1/.autopilot/db/top_module.pp.0.cpp:68457:7: note: FIX-IT applied suggested code changes
/home/arthur/MapaLogistico/chls/chls/solution1/.autopilot/db/top_module.pp.0.cpp:68574:9: warning: Added loop label VITIS_LOOP_75_1:   [xilinx-label-all-loops]
        for(int pos = msbr - 1; pos >= 0; pos--) {
        ^~~
        VITIS_LOOP_75_1: 
/home/arthur/MapaLogistico/chls/chls/solution1/.autopilot/db/top_module.pp.0.cpp:68574:9: note: FIX-IT applied suggested code changes
/home/arthur/MapaLogistico/chls/chls/solution1/.autopilot/db/top_module.pp.0.cpp:68599:5: warning: Added loop label VITIS_LOOP_107_2:   [xilinx-label-all-loops]
    for(int pos = -1; pos >= -F-1; pos--) {
    ^~~
    VITIS_LOOP_107_2: 
/home/arthur/MapaLogistico/chls/chls/solution1/.autopilot/db/top_module.pp.0.cpp:68599:5: note: FIX-IT applied suggested code changes
/home/arthur/MapaLogistico/chls/chls/solution1/.autopilot/db/top_module.pp.0.cpp:68669:8: warning: Added loop label VITIS_LOOP_195_3:   [xilinx-label-all-loops]
       for(int i = 0; i < W - 1; ++i) {
       ^~~
       VITIS_LOOP_195_3: 
/home/arthur/MapaLogistico/chls/chls/solution1/.autopilot/db/top_module.pp.0.cpp:68669:8: note: FIX-IT applied suggested code changes
/home/arthur/MapaLogistico/chls/chls/solution1/.autopilot/db/top_module.pp.0.cpp:71020:46: error: Invalid Directive: for current device, ram_t2p + uram is invalid combination for BIND_STORAGE's option 'type + impl' [clang-diagnostic-error]
#pragma HLS BIND_STORAGE variable=Image type=ram_t2p impl=uram
                                             ^
